^FX/CNOor
^ID510S8_S2.FNT
~DB510S8_S2.FNT,N,32,24,26,8,6,Arial,
#002F.32.8.0.26.8.
00
00
00
00
00
00
03
03
06
06
06
0C
0C
0C
1C
18
18
18
30
30
30
60
60
60
E0
C0
00
00
00
00
00
00
#0043.32.24.1.26.20.
000000
000000
000000
000000
000000
000000
03F800
0FFE00
1E0700
380380
7001C0
6000C0
E00000
C00000
C00000
C00000
C00000
C00000
C00000
6000C0
6001C0
700180
380380
1C0F00
0FFE00
03F800
000000
000000
000000
000000
000000
000000
#004E.32.24.2.26.20.
000000
000000
000000
000000
000000
000000
E00300
E00300
F00300
F80300
D80300
CC0300
C60300
C60300
C30300
C18300
C18300
C0C300
C06300
C06300
C03300
C01B00
C01F00
C00F00
C00700
C00700
000000
000000
000000
000000
000000
000000
#004F.32.24.1.26.22.
000000
000000
000000
000000
000000
000000
01F800
0FFF00
1E0780
3801C0
7000E0
600060
600060
C00030
C00030
C00030
C00030
C00030
C00030
600060
600060
7000E0
3801C0
1E0780
0FFF00
01F800
000000
000000
000000
000000
000000
000000
#006F.32.16.1.26.15.
0000
0000
0000
0000
0000
0000
0000
0000
0000
0000
0000
0F80
3FE0
7070
6030
E038
C018
C018
C018
C018
C018
E038
6030
7070
3FE0
0F80
0000
0000
0000
0000
0000
0000
#0072.32.16.2.26.9.
0000
0000
0000
0000
0000
0000
0000
0000
0000
0000
0000
DE00
FE00
E000
E000
C000
C000
C000
C000
C000
C000
C000
C000
C000
C000
C000
0000
0000
0000
0000
0000
0000
^FX"',-./0123456789:@ABCDEMNOPRVX\
^IDM10MMMPA.FNT
~DBM10MMMPA.FNT,N,45,40,36,11,31,Arial,
#0022.45.24.2.36.18.
,
:
:
:
:
:
:
:
F87C,
:
:
:
:
:
:
:
7038,
:
,
:
:
:
:
:
:
:
:
:
:
:
:
:
:
:
:
:
:
:
:
:
:
:
:
:
:
#0027.45.16.2.36.9.
,
:
:
:
:
:
:
:
F8,
:
:
:
:
:
:
:
7,
:
,
:
:
:
:
:
:
:
:
:
:
:
:
:
:
:
:
:
:
:
:
:
:
:
:
:
:
#002C.45.24.3.36.11.
,
:
:
:
:
:
:
:
:
:
:
:
:
:
:
:
:
:
:
:
:
:
:
:
:
:
:
:
:
:
:
F8,
:
:
:
:
38,
:
:
7,
E,
4,
,
:
:
#002D.45.16.2.36.13.
,
:
:
:
:
:
:
:
:
:
:
:
:
:
:
:
:
:
:
:
:
:
:
:
:
HFE0
:
:
:
,
:
:
:
:
:
:
:
:
:
:
:
:
:
:
:
#002E.45.24.3.36.11.
,
:
:
:
:
:
:
:
:
:
:
:
:
:
:
:
:
:
:
:
:
:
:
:
:
:
:
:
:
:
:
F8,
:
:
:
:
,
:
:
:
:
:
:
:
:
#002F.45.16.0.36.11.
,
:
:
:
:
:
:
:
01E0
:
03C0
:
:
:
0780
:
:
:
0F,
:
:
:
1E,
:
:
:
3C,
:
:
:
78,
:
:
:
F,
:
,
:
:
:
:
:
:
:
:
#0030.45.24.1.36.22.
,
:
:
:
:
:
:
:
03F8,
0HFE,
1IF,
3IF80
3E0F80
7C07C0
:
:
F803E0
:
:
:
:
:
:
:
:
:
:
:
7C07C0
:
:
3E0F80
3IF80
1IF,
0HFE,
03F8,
,
:
:
:
:
:
:
:
:
#0031.45.32.3.36.22.
,
:
:
:
:
:
:
:
H0F,
01F,
03F,
07F,
0HF,
1HF,
7HF,
IF,
FDF,
F1F,
C1F,
01F,
:
:
:
:
:
:
:
:
:
:
:
:
:
:
:
:
,
:
:
:
:
:
:
:
:
#0032.45.24.1.36.22.
,
:
:
:
:
:
:
:
01FC,
0IF,
1IF80
3IFC0
3F0FC0
7E07E0
7C03E0
:
I03E0
:
I07E0
I07C0
I0FC0
H01F80
H03F,
H0HF,
01FE,
03F8,
07F,
0FE,
1FC,
1F8,
3F,
7IFE0
:
:
JFE0
:
,
:
:
:
:
:
:
:
:
#0033.45.24.1.36.22.
,
:
:
:
:
:
:
:
03F8,
0HFE,
1IF,
3IF80
3F0FC0
7E07C0
3C07C0
I07C0
I0FC0
H01F80
H07F,
H0FE,
H0HF,
H0HF80
I0FC0
I07C0
I03E0
:
:
:
7803E0
F807E0
FC07C0
7E0FC0
3IF80
3IF,
0HFE,
03F8,
,
:
:
:
:
:
:
:
:
#0034.45.24.1.36.22.
,
:
:
:
:
:
:
:
I0F80
:
H01F80
H03F80
H07F80
:
H0HF80
01HF80
03EF80
03CF80
07CF80
0F8F80
1F0F80
1E0F80
3E0F80
7C0F80
F80F80
KF0
:
:
:
:
I0F80
:
:
:
:
:
,
:
:
:
:
:
:
:
:
#0035.45.24.2.36.22.
,
:
:
:
:
:
:
:
0IFC0
:
1IFC0
:
:
1F,
:
3F,
3E,
3EFC,
3HFE,
3IF80
7IF80
7E0FC0
3C07C0
I03E0
:
:
:
:
7803E0
F807C0
FC07C0
7E0FC0
3IF80
3IF,
0HFE,
03F8,
,
:
:
:
:
:
:
:
:
#0036.45.24.1.36.22.
,
:
:
:
:
:
:
:
01F8,
07FE,
0IF,
1IF80
3E0F80
7C07C0
:
78,
:
F9F8,
FBFE,
JF,
JF80
FE0FC0
FC07C0
F807E0
F803E0
:
:
:
7803E0
7C03E0
7C07C0
3F0FC0
1IF80
1IF,
07FE,
01F8,
,
:
:
:
:
:
:
:
:
#0037.45.24.1.36.22.
,
:
:
:
:
:
:
:
JFE0
:
:
:
:
I07C0
I0F80
H01F,
:
H03E,
:
H07C,
:
H0F8,
:
01F,
:
:
03E,
:
:
:
:
07C,
:
:
:
:
,
:
:
:
:
:
:
:
:
#0038.45.24.1.36.22.
,
:
:
:
:
:
:
:
03F8,
0HFE,
1IF,
3IF80
7F1FC0
7E0FC0
7C07C0
:
:
7E0FC0
3F1F80
1IF,
0HFE,
1IF,
3IF80
7E0FC0
7C07C0
F803E0
:
:
:
:
FC07E0
7E0FC0
3IF80
:
0HFE,
03F8,
,
:
:
:
:
:
:
:
:
#0039.45.24.1.36.22.
,
:
:
:
:
:
:
:
03F,
0HFC,
1IF,
3IF,
7E1F80
7C07C0
F807C0
F803C0
F803E0
:
:
:
FC03E0
7C07E0
7E0FE0
3IFE0
1IFE0
0HFBE0
03F3E0
I03C0
:
7C07C0
:
3E0F80
3IF,
1HFE,
0HFC,
03F,
,
:
:
:
:
:
:
:
:
#003A.45.24.4.36.13.
,
:
:
:
:
:
:
:
:
:
:
:
:
:
:
F8,
:
:
:
:
,
:
:
:
:
:
:
:
:
:
:
F8,
:
:
:
:
,
:
:
:
:
:
:
:
:
#0040.45.40.1.36.38.
,
:
:
:
:
:
:
:
I01HF,
H01JF,
H07JF8,
H0KFE,
03FEH0HF,
07FI01F80
0FCJ0FC0
0F83E3F7C0
1F0HF3F3E0
3E1HFBE1E0
3C3HFBE1E0
3C7IFE0F0
787E1FE0F0
78FC0FE0F0
78F80FE0F0
F0F80FC0F0
F1FH0FC0F0
:
F1FH0FC1E0
F1F01FC1E0
F1F01F83E0
F1F03F87C0
F1F87F8F80
F8JF9F,
78KFE,
787FDHFC,
7C3F9HF8,
3C1F0FC,
3EL0F8
1FK01F0
0FCJ03F0
0FEJ0FE0
07FEH07FC0
01LF,
H0KFE,
H01JF8,
I03HF8,
#0041.45.32.0.36.27.
,
:
:
:
:
:
:
:
H03F8,
:
H07FC,
:
H07BC,
H0FBE,
:
01F1E,
01F1F,
:
03E0F8,
:
:
07C07C,
:
:
0F803E,
:
1KF,
:
:
3KF80
3EI0F80
:
7CI07C0
:
:
F8I03E0
,
:
:
:
:
:
:
:
:
#0042.45.32.3.36.28.
,
:
:
:
:
:
:
:
JF8,
JFE,
KF,
KF8,
F801FC,
F8H0FC,
F8H07C,
:
:
F8H0F8,
F801F8,
KF,
JFE,
KF,
KF8,
F801FC,
F8H07C,
F8H03E,
:
:
:
:
F8H07E,
F8H0FC,
KFC,
KF8,
KF,
JFC,
,
:
:
:
:
:
:
:
:
#0043.45.32.2.36.28.
,
:
:
:
:
:
:
:
H07F8,
03HFE,
07IF8,
0JFC,
1FC1FC,
3FH07E,
3EH03E,
7CH03F,
7CH01C,
78,
F8,
:
:
:
:
:
:
:
FCH01,
7CH01E,
7CH03F,
3EH07E,
3FH07E,
1FC1FC,
0JFC,
07IF8,
03HFE,
H07F8,
,
:
:
:
:
:
:
:
:
#0044.45.32.3.36.28.
,
:
:
:
:
:
:
:
IFE,
JFC,
JFE,
KF,
F803F8,
F801F8,
F8H0FC,
F8H07C,
:
F8H03E,
:
:
:
:
:
:
:
:
:
F8H07C,
:
:
F8H0F8,
F803F8,
KF,
JFE,
JF8,
IFE,
,
:
:
:
:
:
:
:
:
#0045.45.32.3.36.26.
,
:
:
:
:
:
:
:
KF,
:
:
:
F8,
:
:
:
:
:
:
JFE,
:
:
:
F8,
:
:
:
:
:
:
:
:
KF8,
:
:
:
,
:
:
:
:
:
:
:
:
#004D.45.40.4.36.33.
,
:
:
:
:
:
:
:
FEH03F8,
:
HFH07F8,
:
:
:
F780F78,
:
:
F380E78,
F3C1E78,
:
:
F1C1C78,
F1E3C78,
:
F0E3878,
F0F7878,
:
F0H7078,
:
F07F078,
:
F03E078,
:
:
F01C078,
:
,
:
:
:
:
:
:
:
:
#004E.45.32.3.36.28.
,
:
:
:
:
:
:
:
FCH03C,
FEH03C,
:
HFH03C,
:
HF803C,
F7803C,
F7C03C,
F3C03C,
F3E03C,
F1E03C,
F1F03C,
F0F03C,
F0F83C,
F0783C,
F07C3C,
F03C3C,
F03E3C,
F01E3C,
F01F3C,
FH0F3C,
FH0FBC,
FH07BC,
FH07FC,
FH03FC,
:
FH01FC,
:
,
:
:
:
:
:
:
:
:
#004F.45.32.2.36.30.
,
:
:
:
:
:
:
:
H07F8,
03IF,
07IF8,
0JFC,
1FC0FE,
3FH03F,
3EH01F,
7CI0F80
:
FCI0FC0
F8I07C0
:
:
:
:
:
:
:
FCI0FC0
7CI0F80
7EH01F80
3EH01F,
3FH03F,
1FC0FE,
0JFC,
07IF8,
03IF,
H07F8,
,
:
:
:
:
:
:
:
:
#0050.45.32.3.36.26.
,
:
:
:
:
:
:
:
JF,
JFC,
JFE,
KF,
F807F,
F801F8,
F8H0F8,
:
:
:
:
F801F8,
F807F,
KF,
JFE,
JF8,
IFE,
F8,
:
:
:
:
:
:
:
:
:
:
,
:
:
:
:
:
:
:
:
#0052.45.32.3.36.28.
,
:
:
:
:
:
:
:
JF8,
JFE,
KF,
KF8,
F801F8,
F8H0FC,
F8H07C,
:
:
:
F8H0FC,
F801F8,
KF8,
KF,
JFC,
IFE,
F83F8,
F81FC,
F80FC,
F807E,
F803F,
:
F801F8,
F8H0F8,
F8H0FC,
F8H07E,
:
F8H03F,
,
:
:
:
:
:
:
:
:
#0056.45.32.0.36.26.
,
:
:
:
:
:
:
:
F8I0F80
7CH01F,
:
:
3EH03E,
:
:
1FH07C,
:
:
0F80F8,
:
:
0780F,
07C1F,
:
03C1E,
03E3E,
:
01E3C,
01F7C,
:
H0F78,
H0HF8,
H0HF,
H07F,
:
H03E,
,
:
:
:
:
:
:
:
:
#0058.45.32.0.36.26.
,
:
:
:
:
:
:
:
3FH03F,
:
1F807E,
0FC0FC,
:
07E1F8,
03F3F,
:
01HFE,
H0HFC,
:
H07F8,
H03F,
:
H07F8,
:
H0HFC,
01HFE,
:
03F3F,
07E1F8,
:
0FC0FC,
1F807E,
:
3FH03F,
7EH01F80
:
,
:
:
:
:
:
:
:
:
#005C.45.16.0.36.11.
,
:
:
:
:
:
:
:
F,
:
78,
:
:
:
3C,
:
:
:
1E,
:
:
:
0F,
:
:
:
0780
:
:
:
03C0
:
:
:
01E0
:
,
:
:
:
:
:
:
:
:
^FX:ABCEGILNOPRSTUV
^ID91097KZS.FNT
~DB91097KZS.FNT,N,34,24,25,19,16,Courier New,
#003A.34.48.7.25.19.
000000000000
000000000000
000000000000
000000000000
000000000000
000000000000
000000000000
000000000000
000000000000
000000000000
000000000000
700000000000
F80000000000
F80000000000
700000000000
000000000000
000000000000
000000000000
000000000000
000000000000
000000000000
700000000000
F80000000000
F80000000000
700000000000
000000000000
000000000000
000000000000
000000000000
000000000000
000000000000
000000000000
000000000000
000000000000
#0041.34.24.-1.25.19.
000000
000000
000000
000000
000000
000000
000000
0FF000
0FF000
0FF800
00F800
01DC00
01DC00
038E00
038E00
070700
070700
0FFF80
0FFF80
1FFFC0
1C01C0
3800E0
FF07F8
FF07F8
FF07F8
000000
000000
000000
000000
000000
000000
000000
000000
000000
#0042.34.24.1.25.19.
000000
000000
000000
000000
000000
000000
000000
FFF800
FFFC00
FFFE00
380F00
380700
380700
381E00
3FFC00
3FFC00
3FFE00
380F00
380780
380380
380380
380780
FFFF00
FFFF00
FFFC00
000000
000000
000000
000000
000000
000000
000000
000000
000000
#0043.34.24.1.25.19.
000000
000000
000000
000000
000000
000000
000000
03FB80
0FFF80
3FFF80
3C0F80
780380
700380
E00000
E00000
E00000
E00000
E00000
E00000
F00000
780380
7C0780
3FFF80
0FFE00
03F800
000000
000000
000000
000000
000000
000000
000000
000000
000000
#0045.34.24.1.25.19.
000000
000000
000000
000000
000000
000000
000000
FFFE00
FFFE00
FFFE00
380E00
380E00
38EE00
38EE00
3FE000
3FE000
3FE000
38E000
38E700
380700
380700
380700
FFFF00
FFFF00
FFFF00
000000
000000
000000
000000
000000
000000
000000
000000
000000
#0047.34.24.1.25.19.
000000
000000
000000
000000
000000
000000
000000
07F700
1FFF00
3FFF00
3C1F00
700F00
F00700
E00000
E00000
E0FFC0
E0FFC0
E0FFC0
E00700
E00700
700700
7C1F00
3FFF00
1FFC00
07F000
000000
000000
000000
000000
000000
000000
000000
000000
000000
#0049.34.24.3.25.19.
000000
000000
000000
000000
000000
000000
000000
FFF800
FFF800
FFF800
070000
070000
070000
070000
070000
070000
070000
070000
070000
070000
070000
070000
FFF800
FFF800
FFF800
000000
000000
000000
000000
000000
000000
000000
000000
000000
#004C.34.24.1.25.19.
000000
000000
000000
000000
000000
000000
000000
FFE000
FFE000
FFE000
0E0000
0E0000
0E0000
0E0000
0E0000
0E0000
0E0000
0E0380
0E0380
0E0380
0E0380
0E0380
FFFF80
FFFF80
FFFF80
000000
000000
000000
000000
000000
000000
000000
000000
000000
#004E.34.24.0.25.19.
000000
000000
000000
000000
000000
000000
000000
F01FE0
F81FE0
FC1FE0
3E0380
3F0380
3F0380
3B8380
3BC380
39E380
38F380
387B80
383B80
381F80
381F80
380F80
FF0780
FF0380
FF0180
000000
000000
000000
000000
000000
000000
000000
000000
000000
#004F.34.24.1.25.19.
000000
000000
000000
000000
000000
000000
000000
03E000
0FF800
1FFC00
3C1E00
780F00
700700
E00380
E00380
E00380
E00380
E00380
E00380
700700
780F00
3C1E00
1FFC00
0FF800
03E000
000000
000000
000000
000000
000000
000000
000000
000000
000000
#0050.34.24.2.25.19.
000000
000000
000000
000000
000000
000000
000000
FFF000
FFFC00
FFFE00
381E00
380700
380700
380700
380F00
381E00
3FFE00
3FF800
3FF000
380000
380000
380000
FFC000
FFC000
FFC000
000000
000000
000000
000000
000000
000000
000000
000000
000000
#0052.34.24.1.25.19.
000000
000000
000000
000000
000000
000000
000000
FFF000
FFFC00
FFFE00
380F00
380700
380700
380700
380E00
3FFC00
3FF800
3FF000
387800
383C00
381E00
380E00
FF0FC0
FF07C0
FF03C0
000000
000000
000000
000000
000000
000000
000000
000000
000000
#0053.34.24.2.25.19.
000000
000000
000000
000000
000000
000000
000000
0FDC00
1FFC00
3FFC00
783C00
701C00
700C00
780000
3F0000
3FF000
0FFC00
00FC00
001E00
C00E00
E00E00
F03E00
FFFC00
FFF800
EFE000
000000
000000
000000
000000
000000
000000
000000
000000
000000
#0054.34.24.2.25.19.
000000
000000
000000
000000
000000
000000
000000
FFFE00
FFFE00
FFFE00
E38E00
E38E00
E38E00
E38E00
E38E00
038000
038000
038000
038000
038000
038000
038000
3FF800
3FF800
3FF800
000000
000000
000000
000000
000000
000000
000000
000000
000000
#0055.34.24.0.25.19.
000000
000000
000000
000000
000000
000000
000000
FF1FE0
FF1FE0
FF1FE0
380380
380380
380380
380380
380380
380380
380380
380380
380380
380380
3C0780
1E0F00
0FFE00
07FC00
01F000
000000
000000
000000
000000
000000
000000
000000
000000
000000
#0056.34.24.-1.25.19.
000000
000000
000000
000000
000000
000000
000000
FF07F8
FF07F8
FF07F8
3C01E0
1C01C0
1E03C0
0E0380
0F0780
070700
078F00
038E00
038E00
01DC00
01DC00
00F800
00F800
007000
007000
000000
000000
000000
000000
000000
000000
000000
000000
000000
^FX"',-./0123456789:@ACDEGILMNOTU\_
^IDX0097KZS.FNT
~DBX0097KZS.FNT,N,25,16,18,13,32,Courier New,
#0022.25.24.3.18.13.
000000
000000
000000
000000
000000
E70000
E70000
E70000
420000
420000
420000
420000
000000
000000
000000
000000
000000
000000
000000
000000
000000
000000
000000
000000
000000
#0027.25.40.5.18.13.
0000000000
0000000000
0000000000
0000000000
0000000000
E000000000
E000000000
E000000000
4000000000
4000000000
4000000000
4000000000
0000000000
0000000000
0000000000
0000000000
0000000000
0000000000
0000000000
0000000000
0000000000
0000000000
0000000000
0000000000
0000000000
#002C.25.24.4.18.13.
000000
000000
000000
000000
000000
000000
000000
000000
000000
000000
000000
000000
000000
000000
000000
380000
300000
600000
600000
400000
C00000
800000
000000
000000
000000
#002D.25.16.2.18.13.
0000
0000
0000
0000
0000
0000
0000
0000
0000
0000
0000
FF80
FF80
0000
0000
0000
0000
0000
0000
0000
0000
0000
0000
0000
0000
#002E.25.40.5.18.13.
0000000000
0000000000
0000000000
0000000000
0000000000
0000000000
0000000000
0000000000
0000000000
0000000000
0000000000
0000000000
0000000000
0000000000
0000000000
E000000000
E000000000
E000000000
0000000000
0000000000
0000000000
0000000000
0000000000
0000000000
0000000000
#002F.25.16.2.18.13.
0000
0000
0180
0180
0380
0300
0300
0600
0600
0C00
0C00
1C00
1800
1800
3000
3000
6000
6000
E000
C000
C000
0000
0000
0000
0000
#0030.25.16.2.18.13.
0000
0000
0000
0000
1E00
7F00
6300
C380
C180
C180
C180
C180
C180
C180
E180
6300
7F00
1C00
0000
0000
0000
0000
0000
0000
0000
#0031.25.16.2.18.13.
0000
0000
0000
0000
0400
3C00
FC00
EC00
0C00
0C00
0C00
0C00
0C00
0C00
0C00
0C00
FFC0
FFC0
0000
0000
0000
0000
0000
0000
0000
#0032.25.16.1.18.13.
0000
0000
0000
0000
1E00
7F80
E1C0
C0C0
C0C0
01C0
0380
0700
0E00
1C00
3000
6000
FFC0
FFC0
0000
0000
0000
0000
0000
0000
0000
#0033.25.16.1.18.13.
0000
0000
0000
0000
1F00
7F80
61C0
00C0
00C0
01C0
0F80
0F80
01C0
00C0
00C0
C1C0
FF80
7F00
0000
0000
0000
0000
0000
0000
0000
#0034.25.16.1.18.13.
0000
0000
0000
0000
0700
0F00
0F00
1B00
1B00
3300
3300
6300
C300
FFC0
FFC0
0300
0FC0
0FC0
0000
0000
0000
0000
0000
0000
0000
#0035.25.16.1.18.13.
0000
0000
0000
0000
7F80
7F80
6000
6000
6000
6F00
7F80
61C0
00C0
00C0
00C0
C1C0
FF80
3F00
0000
0000
0000
0000
0000
0000
0000
#0036.25.16.2.18.13.
0000
0000
0000
0000
07C0
1FC0
3800
7000
6000
DE00
FF80
E180
C0C0
C0C0
C0C0
61C0
7F80
1F00
0000
0000
0000
0000
0000
0000
0000
#0037.25.16.2.18.13.
0000
0000
0000
0000
FF80
FF80
C180
0180
0300
0300
0300
0700
0600
0600
0600
0C00
0C00
0C00
0000
0000
0000
0000
0000
0000
0000
#0038.25.16.2.18.13.
0000
0000
0000
0000
3E00
7F00
E380
C180
C180
6300
3E00
3E00
6300
C180
C180
E380
7F00
3E00
0000
0000
0000
0000
0000
0000
0000
#0039.25.16.2.18.13.
0000
0000
0000
0000
3E00
7F80
E180
C0C0
C0C0
C0C0
61C0
7FC0
1EC0
0180
0180
0700
FE00
F800
0000
0000
0000
0000
0000
0000
0000
#003A.25.40.5.18.13.
0000000000
0000000000
0000000000
0000000000
0000000000
0000000000
0000000000
0000000000
E000000000
E000000000
E000000000
0000000000
0000000000
0000000000
0000000000
E000000000
E000000000
E000000000
0000000000
0000000000
0000000000
0000000000
0000000000
0000000000
0000000000
#0040.25.24.2.18.13.
000000
000000
000000
000000
1C0000
640000
420000
820000
820000
8E0000
920000
920000
920000
8E0000
800000
800000
400000
420000
3C0000
000000
000000
000000
000000
000000
000000
#0041.25.24.-1.18.13.
000000
000000
000000
000000
000000
1F8000
1F8000
07C000
06C000
06C000
0C6000
0C6000
1FF000
1FF000
301800
301800
FC7E00
FC7E00
000000
000000
000000
000000
000000
000000
000000
#0043.25.16.1.18.13.
0000
0000
0000
0000
0000
1F60
3FE0
70E0
E060
C060
C000
C000
C000
C000
E060
70E0
3FC0
1F80
0000
0000
0000
0000
0000
0000
0000
#0044.25.16.1.18.13.
0000
0000
0000
0000
0000
FF00
FF80
61C0
60C0
6060
6060
6060
6060
6060
60E0
61C0
FF80
FF00
0000
0000
0000
0000
0000
0000
0000
#0045.25.16.1.18.13.
0000
0000
0000
0000
0000
FFE0
FFE0
6060
6660
6600
7E00
7E00
6600
6660
6060
6060
FFE0
FFE0
0000
0000
0000
0000
0000
0000
0000
#0047.25.16.1.18.13.
0000
0000
0000
0000
0000
0F60
3FE0
70E0
6060
C000
C000
C000
C3F0
C3F0
C060
6060
7FE0
1F80
0000
0000
0000
0000
0000
0000
0000
#0049.25.16.2.18.13.
0000
0000
0000
0000
0000
FF00
FF00
1800
1800
1800
1800
1800
1800
1800
1800
1800
FF00
FF00
0000
0000
0000
0000
0000
0000
0000
#004C.25.16.1.18.13.
0000
0000
0000
0000
0000
FE00
FE00
3000
3000
3000
3000
3000
3060
3060
3060
3060
FFE0
FFE0
0000
0000
0000
0000
0000
0000
0000
#004D.25.24.-1.18.13.
000000
000000
000000
000000
000000
F01E00
F83E00
383800
3C7800
3C7800
36D800
36D800
339800
339800
311800
301800
FE7E00
FE7E00
000000
000000
000000
000000
000000
000000
000000
#004E.25.16.1.18.13.
0000
0000
0000
0000
0000
E3E0
F3E0
70C0
78C0
78C0
6CC0
6EC0
66C0
63C0
63C0
61C0
F9C0
F8C0
0000
0000
0000
0000
0000
0000
0000
#004F.25.16.1.18.13.
0000
0000
0000
0000
0000
1F00
3F80
71C0
60C0
C060
C060
C060
C060
C060
60C0
71C0
3F80
1F00
0000
0000
0000
0000
0000
0000
0000
#0054.25.16.0.18.13.
0000
0000
0000
0000
0000
FFF0
FFF0
C630
C630
C630
0600
0600
0600
0600
0600
0600
1F80
1F80
0000
0000
0000
0000
0000
0000
0000
#0055.25.16.1.18.13.
0000
0000
0000
0000
0000
FBE0
FBE0
60C0
60C0
60C0
60C0
60C0
60C0
60C0
60C0
3180
3F80
0E00
0000
0000
0000
0000
0000
0000
0000
#005C.25.16.2.18.13.
0000
0000
C000
C000
6000
6000
7000
3000
3000
1800
1800
0C00
0C00
0600
0600
0700
0300
0300
0180
0180
0000
0000
0000
0000
0000
#005F.25.24.-1.18.13.
000000
000000
000000
000000
000000
000000
000000
000000
000000
000000
000000
000000
000000
000000
000000
000000
000000
000000
000000
000000
000000
000000
000000
FFFE00
FFFE00
^FX"',-./0123456789:@DINU\
^IDY0P97KZS.FNT
~DBY0P97KZS.FNT,N,27,16,20,13,23,Courier New,
#0022.27.24.3.20.13.
000000
000000
000000
000000
000000
000000
E70000
E70000
E70000
420000
420000
420000
420000
000000
000000
000000
000000
000000
000000
000000
000000
000000
000000
000000
000000
000000
000000
#0027.27.40.5.20.13.
0000000000
0000000000
0000000000
0000000000
0000000000
0000000000
E000000000
E000000000
E000000000
4000000000
4000000000
4000000000
4000000000
0000000000
0000000000
0000000000
0000000000
0000000000
0000000000
0000000000
0000000000
0000000000
0000000000
0000000000
0000000000
0000000000
0000000000
#002C.27.24.4.20.13.
000000
000000
000000
000000
000000
000000
000000
000000
000000
000000
000000
000000
000000
000000
000000
000000
000000
380000
300000
600000
600000
400000
C00000
800000
000000
000000
000000
#002D.27.16.2.20.13.
0000
0000
0000
0000
0000
0000
0000
0000
0000
0000
0000
0000
0000
FF80
FF80
0000
0000
0000
0000
0000
0000
0000
0000
0000
0000
0000
0000
#002E.27.40.5.20.13.
0000000000
0000000000
0000000000
0000000000
0000000000
0000000000
0000000000
0000000000
0000000000
0000000000
0000000000
0000000000
0000000000
0000000000
0000000000
0000000000
0000000000
E000000000
E000000000
E000000000
0000000000
0000000000
0000000000
0000000000
0000000000
0000000000
0000000000
#002F.27.16.2.20.13.
0000
0000
0000
0000
0180
0180
0180
0300
0300
0600
0600
0C00
0C00
1C00
1800
1800
3000
3000
6000
6000
C000
C000
C000
0000
0000
0000
0000
#0030.27.16.2.20.13.
0000
0000
0000
0000
0000
1C00
3E00
6300
E380
C180
C180
C180
C180
C180
C180
C180
E380
6300
3E00
1C00
0000
0000
0000
0000
0000
0000
0000
#0031.27.16.1.20.13.
0000
0000
0000
0000
0000
0200
1E00
7E00
7600
0600
0600
0600
0600
0600
0600
0600
0600
0600
FFE0
FFE0
0000
0000
0000
0000
0000
0000
0000
#0032.27.16.1.20.13.
0000
0000
0000
0000
0000
1E00
7F80
E1C0
C0C0
C0C0
00C0
0180
0380
0700
0C00
1800
3000
6000
FFC0
FFC0
0000
0000
0000
0000
0000
0000
0000
#0033.27.16.1.20.13.
0000
0000
0000
0000
0000
1F00
7F80
61C0
00C0
00C0
01C0
0F80
0F80
01C0
00C0
00C0
00C0
C1C0
FF80
7E00
0000
0000
0000
0000
0000
0000
0000
#0034.27.16.1.20.13.
0000
0000
0000
0000
0000
0700
0700
0F00
0B00
1B00
3300
3300
6300
6300
C300
FFC0
FFC0
0300
1FC0
1FC0
0000
0000
0000
0000
0000
0000
0000
#0035.27.16.1.20.13.
0000
0000
0000
0000
0000
7F80
7F80
6000
6000
6000
6E00
7F80
6180
00C0
00C0
00C0
00C0
C1C0
FF80
3E00
0000
0000
0000
0000
0000
0000
0000
#0036.27.16.2.20.13.
0000
0000
0000
0000
0000
07C0
1FC0
3800
7000
6000
C000
DE00
FF80
E180
C0C0
C0C0
C0C0
61C0
7F80
1F00
0000
0000
0000
0000
0000
0000
0000
#0037.27.16.2.20.13.
0000
0000
0000
0000
0000
FF80
FF80
C180
C180
0300
0300
0300
0300
0600
0600
0600
0600
0C00
0C00
0C00
0000
0000
0000
0000
0000
0000
0000
#0038.27.16.2.20.13.
0000
0000
0000
0000
0000
3E00
7F00
E380
C180
C180
6300
3E00
3E00
6300
C180
C180
C180
E380
7F00
3E00
0000
0000
0000
0000
0000
0000
0000
#0039.27.16.2.20.13.
0000
0000
0000
0000
0000
3E00
7F80
E180
C080
C0C0
C1C0
63C0
7FC0
1EC0
00C0
0180
0380
0700
FE00
F800
0000
0000
0000
0000
0000
0000
0000
#003A.27.40.5.20.13.
0000000000
0000000000
0000000000
0000000000
0000000000
0000000000
0000000000
0000000000
0000000000
0000000000
E000000000
E000000000
E000000000
0000000000
0000000000
0000000000
0000000000
E000000000
E000000000
E000000000
0000000000
0000000000
0000000000
0000000000
0000000000
0000000000
0000000000
#0040.27.24.2.20.13.
000000
000000
000000
000000
000000
000000
3C0000
7C0000
620000
C60000
8E0000
9A0000
920000
920000
920000
8E0000
8E0000
800000
C00000
420000
7E0000
3C0000
000000
000000
000000
000000
000000
#0044.27.16.0.20.13.
0000
0000
0000
0000
0000
0000
FF80
FFC0
30E0
3060
3030
3030
3030
3030
3030
3030
3070
30E0
FFC0
FF80
0000
0000
0000
0000
0000
0000
0000
#0049.27.16.1.20.13.
0000
0000
0000
0000
0000
0000
FF80
FF80
0C00
0C00
0C00
0C00
0C00
0C00
0C00
0C00
0C00
0C00
FF80
FF80
0000
0000
0000
0000
0000
0000
0000
#004E.27.16.0.20.13.
0000
0000
0000
0000
0000
0000
F3F0
FBF0
3860
3C60
3C60
3660
3660
3360
3360
31E0
31E0
30E0
FCE0
FC60
0000
0000
0000
0000
0000
0000
0000
#0055.27.16.0.20.13.
0000
0000
0000
0000
0000
0000
FDF0
FDF0
3060
3060
3060
3060
3060
3060
3060
3060
3060
18C0
1FC0
0700
0000
0000
0000
0000
0000
0000
0000
#005C.27.16.2.20.13.
0000
0000
0000
0000
C000
C000
C000
6000
6000
3000
3000
1800
1800
1C00
0C00
0C00
0600
0600
0300
0300
0180
0180
0180
0000
0000
0000
0000
^FXACDEGIMNOPRSTU
^ID11097KZS.FNT
~DB11097KZS.FNT,N,29,24,21,15,14,Courier New,
#0041.29.24.-1.21.15.
000000
000000
000000
000000
000000
000000
0F8000
0FC000
01C000
036000
036000
063000
063000
0C1800
0C1800
1FFC00
1FFC00
300600
300600
FC1F80
FC1F80
000000
000000
000000
000000
000000
000000
000000
000000
#0043.29.16.1.21.15.
0000
0000
0000
0000
0000
0000
0FD8
1FF8
3838
6018
E018
C000
C000
C000
C000
C000
C000
6018
7038
3FF0
0FC0
0000
0000
0000
0000
0000
0000
0000
0000
#0044.29.16.0.21.15.
0000
0000
0000
0000
0000
0000
FFC0
FFF0
3070
3018
301C
300C
300C
300C
300C
300C
300C
3018
3038
FFF0
FFC0
0000
0000
0000
0000
0000
0000
0000
0000
#0045.29.16.0.21.15.
0000
0000
0000
0000
0000
0000
FFFC
FFFC
300C
300C
318C
3180
3F80
3F80
3180
3180
300C
300C
300C
FFFC
FFFC
0000
0000
0000
0000
0000
0000
0000
0000
#0047.29.16.1.21.15.
0000
0000
0000
0000
0000
0000
07D8
1FF8
3838
6038
6018
C000
C000
C000
C3FC
C3FC
C018
6018
7038
3FF8
0FE0
0000
0000
0000
0000
0000
0000
0000
0000
#0049.29.24.3.21.15.
000000
000000
000000
000000
000000
000000
FFC000
FFC000
0C0000
0C0000
0C0000
0C0000
0C0000
0C0000
0C0000
0C0000
0C0000
0C0000
0C0000
FFC000
FFC000
000000
000000
000000
000000
000000
000000
000000
000000
#004D.29.24.-1.21.15.
000000
000000
000000
000000
000000
000000
F00780
F00780
380E00
380E00
3C1E00
363600
363600
336600
336600
31C600
31C600
308600
300600
FE3F80
FE3F80
000000
000000
000000
000000
000000
000000
000000
000000
#004E.29.16.0.21.15.
0000
0000
0000
0000
0000
0000
E0FE
F0FE
3818
3C18
3C18
3618
3718
3398
31D8
30D8
3078
3078
3038
FE18
FE08
0000
0000
0000
0000
0000
0000
0000
0000
#004F.29.16.1.21.15.
0000
0000
0000
0000
0000
0000
0F80
1FC0
38E0
6030
6030
C018
C018
C018
C018
C018
6030
6030
38E0
1FC0
0F80
0000
0000
0000
0000
0000
0000
0000
0000
#0050.29.16.1.21.15.
0000
0000
0000
0000
0000
0000
FFC0
FFF0
3030
3018
3018
3018
3018
3030
3FF0
3FC0
3000
3000
3000
FF80
FF80
0000
0000
0000
0000
0000
0000
0000
0000
#0052.29.24.0.21.15.
000000
000000
000000
000000
000000
000000
FFC000
FFF000
303800
301800
301800
303800
307000
3FE000
3FC000
30E000
307000
303800
301C00
FE0F00
FE0700
000000
000000
000000
000000
000000
000000
000000
000000
#0053.29.24.2.21.15.
000000
000000
000000
000000
000000
000000
0F6000
3FE000
70E000
606000
606000
700000
3C0000
1F8000
07C000
00E000
C06000
C06000
E0E000
FFC000
DF0000
000000
000000
000000
000000
000000
000000
000000
000000
#0054.29.16.1.21.15.
0000
0000
0000
0000
0000
0000
FFF0
FFF0
C630
C630
C630
C630
0600
0600
0600
0600
0600
0600
0600
3FC0
3FC0
0000
0000
0000
0000
0000
0000
0000
0000
#0055.29.16.0.21.15.
0000
0000
0000
0000
0000
0000
FC7E
FC7E
3018
3018
3018
3018
3018
3018
3018
3018
3018
3838
1C70
0FE0
07C0
0000
0000
0000
0000
0000
0000
0000
0000
^FXABCDEGILNOPRSTUV
^ID51097KZS.FNT
~DB51097KZS.FNT,N,31,24,23,17,16,Courier New,
#0041.31.24.-1.23.17.
000000
000000
000000
000000
000000
000000
000000
1FE000
1FE000
1FF000
01F000
03B800
03B800
071C00
071C00
0FFE00
0FFE00
1FFF00
1C0700
380380
FF1FE0
FF1FE0
FF1FE0
000000
000000
000000
000000
000000
000000
000000
000000
#0042.31.24.1.23.17.
000000
000000
000000
000000
000000
000000
000000
FFE000
FFF800
FFFC00
383C00
381C00
383C00
3FF800
3FF800
3FFC00
381E00
380E00
380E00
380E00
FFFE00
FFFC00
FFF000
000000
000000
000000
000000
000000
000000
000000
000000
#0043.31.24.1.23.17.
000000
000000
000000
000000
000000
000000
000000
07EE00
1FFE00
3FFE00
7C1E00
700E00
E00E00
E00000
E00000
E00000
E00000
E00000
F00600
7C1E00
3FFE00
1FFC00
07F000
000000
000000
000000
000000
000000
000000
000000
000000
#0044.31.24.0.23.17.
000000
000000
000000
000000
000000
000000
000000
FFE000
FFF800
FFFC00
381E00
380E00
380F00
380700
380700
380700
380700
380700
380F00
381E00
FFFC00
FFF800
FFE000
000000
000000
000000
000000
000000
000000
000000
000000
#0045.31.24.1.23.17.
000000
000000
000000
000000
000000
000000
000000
FFFC00
FFFC00
FFFC00
381C00
39DC00
39DC00
3FC000
3FC000
3FC000
39C000
39CE00
380E00
380E00
FFFE00
FFFE00
FFFE00
000000
000000
000000
000000
000000
000000
000000
000000
#0047.31.24.1.23.17.
000000
000000
000000
000000
000000
000000
000000
07EE00
1FFE00
3FFE00
781E00
701E00
E00E00
E00000
E1FF00
E1FF00
E1FF00
E00E00
F00E00
781E00
3FFE00
1FFC00
07F000
000000
000000
000000
000000
000000
000000
000000
000000
#0049.31.24.2.23.17.
000000
000000
000000
000000
000000
000000
000000
FFF800
FFF800
FFF800
070000
070000
070000
070000
070000
070000
070000
070000
070000
070000
FFF800
FFF800
FFF800
000000
000000
000000
000000
000000
000000
000000
000000
#004C.31.24.0.23.17.
000000
000000
000000
000000
000000
000000
000000
FFE000
FFE000
FFE000
0E0000
0E0000
0E0000
0E0000
0E0000
0E0700
0E0700
0E0700
0E0700
0E0700
FFFF00
FFFF00
FFFF00
000000
000000
000000
000000
000000
000000
000000
000000
#004E.31.24.0.23.17.
000000
000000
000000
000000
000000
000000
000000
F07F80
F87F80
FC7F80
3E0E00
3E0E00
3F0E00
3B8E00
39CE00
38CE00
38EE00
387E00
383E00
381E00
FF1E00
FF0E00
FF0600
000000
000000
000000
000000
000000
000000
000000
000000
#004F.31.24.1.23.17.
000000
000000
000000
000000
000000
000000
000000
07C000
1FF000
3FF800
7C7C00
701C00
F01E00
E00E00
E00E00
E00E00
E00E00
F01E00
701C00
7C7C00
3FF800
1FF000
07C000
000000
000000
000000
000000
000000
000000
000000
000000
#0050.31.24.2.23.17.
000000
000000
000000
000000
000000
000000
000000
FFE000
FFF800
FFF800
383C00
381C00
381C00
383C00
3FF800
3FF000
3FC000
380000
380000
380000
FFC000
FFC000
FFC000
000000
000000
000000
000000
000000
000000
000000
000000
#0052.31.24.1.23.17.
000000
000000
000000
000000
000000
000000
000000
FFE000
FFF800
FFF800
383C00
381C00
381C00
383C00
3FF800
3FF000
3FF000
387800
383C00
381C00
FF1F80
FF0F80
FF0780
000000
000000
000000
000000
000000
000000
000000
000000
#0053.31.24.2.23.17.
000000
000000
000000
000000
000000
000000
000000
0F7000
3FF000
3FF000
78F000
707000
703000
3C0000
3FC000
0FF000
00F000
C03800
E03800
F07800
FFF000
FFF000
EFC000
000000
000000
000000
000000
000000
000000
000000
000000
#0054.31.24.1.23.17.
000000
000000
000000
000000
000000
000000
000000
FFFE00
FFFE00
FFFE00
E38E00
E38E00
E38E00
E38E00
E38E00
038000
038000
038000
038000
038000
3FF800
3FF800
3FF800
000000
000000
000000
000000
000000
000000
000000
000000
#0055.31.24.0.23.17.
000000
000000
000000
000000
000000
000000
000000
FE3F80
FE3F80
FE3F80
380E00
380E00
380E00
380E00
380E00
380E00
380E00
380E00
380E00
3E3E00
1FFC00
0FF800
03E000
000000
000000
000000
000000
000000
000000
000000
000000
#0056.31.24.-1.23.17.
000000
000000
000000
000000
000000
000000
000000
FF1FE0
FF1FE0
FF1FE0
1C0700
1C0700
1E0F00
0E0E00
0E0E00
071C00
071C00
03B800
03B800
01F000
01F000
00E000
00E000
000000
000000
000000
000000
000000
000000
000000
000000
^FX"',-./0123456789:@ACDEGILNOTU\
^IDY0097KZS.FNT
~DBY0097KZS.FNT,N,27,16,20,14,30,Courier New,
#0022.27.24.3.20.14.
000000
000000
000000
000000
000000
000000
E70000
E70000
E70000
420000
420000
420000
420000
000000
000000
000000
000000
000000
000000
000000
000000
000000
000000
000000
000000
000000
000000
#0027.27.40.5.20.14.
0000000000
0000000000
0000000000
0000000000
0000000000
0000000000
E000000000
E000000000
E000000000
4000000000
4000000000
4000000000
4000000000
0000000000
0000000000
0000000000
0000000000
0000000000
0000000000
0000000000
0000000000
0000000000
0000000000
0000000000
0000000000
0000000000
0000000000
#002C.27.32.5.20.14.
00000000
00000000
00000000
00000000
00000000
00000000
00000000
00000000
00000000
00000000
00000000
00000000
00000000
00000000
00000000
00000000
00000000
38000000
30000000
70000000
60000000
60000000
C0000000
C0000000
00000000
00000000
00000000
#002D.27.24.2.20.14.
000000
000000
000000
000000
000000
000000
000000
000000
000000
000000
000000
000000
000000
FFC000
FFC000
000000
000000
000000
000000
000000
000000
000000
000000
000000
000000
000000
000000
#002E.27.40.5.20.14.
0000000000
0000000000
0000000000
0000000000
0000000000
0000000000
0000000000
0000000000
0000000000
0000000000
0000000000
0000000000
0000000000
0000000000
0000000000
0000000000
0000000000
E000000000
E000000000
E000000000
0000000000
0000000000
0000000000
0000000000
0000000000
0000000000
0000000000
#002F.27.24.2.20.14.
000000
000000
000000
000000
00C000
00C000
018000
018000
038000
030000
070000
060000
0E0000
0C0000
1C0000
180000
380000
300000
700000
600000
600000
C00000
C00000
000000
000000
000000
000000
#0030.27.24.2.20.14.
000000
000000
000000
000000
000000
1E0000
3F0000
618000
618000
C0C000
C0C000
C0C000
C0C000
C0C000
C0C000
C0C000
618000
618000
3F0000
1E0000
000000
000000
000000
000000
000000
000000
000000
#0031.27.24.2.20.14.
000000
000000
000000
000000
000000
040000
3C0000
FC0000
EC0000
0C0000
0C0000
0C0000
0C0000
0C0000
0C0000
0C0000
0C0000
0C0000
FFC000
FFC000
000000
000000
000000
000000
000000
000000
000000
#0032.27.16.1.20.14.
0000
0000
0000
0000
0000
1F00
7FC0
E0C0
C060
C060
0060
00C0
0180
0700
0E00
1C00
3000
6000
FFE0
FFE0
0000
0000
0000
0000
0000
0000
0000
#0033.27.24.2.20.14.
000000
000000
000000
000000
000000
1F0000
7F8000
61C000
00C000
00C000
01C000
0F8000
0F8000
01C000
00C000
00C000
00C000
C1C000
FF8000
7E0000
000000
000000
000000
000000
000000
000000
000000
#0034.27.24.2.20.14.
000000
000000
000000
000000
000000
070000
070000
0F0000
0F0000
1B0000
3B0000
330000
630000
630000
C30000
FFC000
FFC000
030000
1FC000
1FC000
000000
000000
000000
000000
000000
000000
000000
#0035.27.16.1.20.14.
0000
0000
0000
0000
0000
7FC0
7FC0
6000
6000
6000
6F00
7FC0
70C0
0060
0060
0060
0060
C0C0
FFC0
3F00
0000
0000
0000
0000
0000
0000
0000
#0036.27.24.2.20.14.
000000
000000
000000
000000
000000
07C000
1FC000
380000
700000
600000
C00000
DE0000
FF8000
E18000
C0C000
C0C000
C0C000
61C000
7F8000
1F0000
000000
000000
000000
000000
000000
000000
000000
#0037.27.24.2.20.14.
000000
000000
000000
000000
000000
FFC000
FFC000
C0C000
C1C000
018000
018000
038000
030000
030000
070000
060000
060000
0E0000
0C0000
0C0000
000000
000000
000000
000000
000000
000000
000000
#0038.27.24.2.20.14.
000000
000000
000000
000000
000000
3F0000
7F8000
E1C000
C0C000
C0C000
618000
3F0000
3F0000
618000
C0C000
C0C000
C0C000
E1C000
7F8000
3F0000
000000
000000
000000
000000
000000
000000
000000
#0039.27.24.2.20.14.
000000
000000
000000
000000
000000
3E0000
7F8000
E18000
C0C000
C0C000
C0C000
61C000
7FC000
1EC000
00C000
018000
038000
070000
FE0000
F80000
000000
000000
000000
000000
000000
000000
000000
#003A.27.40.5.20.14.
0000000000
0000000000
0000000000
0000000000
0000000000
0000000000
0000000000
0000000000
0000000000
0000000000
E000000000
E000000000
E000000000
0000000000
0000000000
0000000000
0000000000
E000000000
E000000000
E000000000
0000000000
0000000000
0000000000
0000000000
0000000000
0000000000
0000000000
#0040.27.24.2.20.14.
000000
000000
000000
000000
000000
000000
1E0000
3F0000
718000
E78000
CF8000
DD8000
D98000
D98000
D98000
CF8000
C78000
C00000
E00000
718000
3F8000
1F0000
000000
000000
000000
000000
000000
#0041.27.24.-1.20.14.
000000
000000
000000
000000
000000
000000
0F8000
0FC000
01C000
036000
036000
066000
063000
0C3000
0FF800
1FF800
180C00
300C00
FE3F00
FE3F00
000000
000000
000000
000000
000000
000000
000000
#0043.27.16.1.20.14.
0000
0000
0000
0000
0000
0000
0FB0
3FF0
7070
6030
C030
C000
C000
C000
C000
C000
6030
7070
3FE0
0FC0
0000
0000
0000
0000
0000
0000
0000
#0044.27.16.0.20.14.
0000
0000
0000
0000
0000
0000
FF80
FFE0
3070
3030
3018
3018
3018
3018
3018
3018
3030
3070
FFE0
FFC0
0000
0000
0000
0000
0000
0000
0000
#0045.27.16.0.20.14.
0000
0000
0000
0000
0000
0000
FFF0
FFF0
3030
3030
3330
3300
3F00
3F00
3300
3330
3030
3030
FFF0
FFF0
0000
0000
0000
0000
0000
0000
0000
#0047.27.16.1.20.14.
0000
0000
0000
0000
0000
0000
0FB0
3FF0
7070
6030
C030
C000
C000
C3F8
C3F8
C030
E030
7030
3FF0
0FC0
0000
0000
0000
0000
0000
0000
0000
#0049.27.24.2.20.14.
000000
000000
000000
000000
000000
000000
FFC000
FFC000
0C0000
0C0000
0C0000
0C0000
0C0000
0C0000
0C0000
0C0000
0C0000
0C0000
FFC000
FFC000
000000
000000
000000
000000
000000
000000
000000
#004C.27.16.0.20.14.
0000
0000
0000
0000
0000
0000
FF00
FF00
1800
1800
1800
1800
1800
1800
1818
1818
1818
1818
FFF8
FFF8
0000
0000
0000
0000
0000
0000
0000
#004E.27.16.0.20.14.
0000
0000
0000
0000
0000
0000
F1FC
F1FC
3830
3C30
3E30
3630
3730
33B0
31B0
31F0
30F0
3070
FE30
FE30
0000
0000
0000
0000
0000
0000
0000
#004F.27.16.1.20.14.
0000
0000
0000
0000
0000
0000
0F00
3FC0
70E0
6060
E070
C030
C030
C030
C030
E070
6060
70E0
3FC0
0F00
0000
0000
0000
0000
0000
0000
0000
#0054.27.16.1.20.14.
0000
0000
0000
0000
0000
0000
FFF0
FFF0
C630
C630
C630
C630
0600
0600
0600
0600
0600
0600
3FC0
3FC0
0000
0000
0000
0000
0000
0000
0000
#0055.27.16.1.20.14.
0000
0000
0000
0000
0000
0000
F0F0
F0F0
6060
6060
6060
6060
6060
6060
6060
6060
6060
30C0
3FC0
0F00
0000
0000
0000
0000
0000
0000
0000
#005C.27.16.1.20.14.
0000
0000
0000
0000
C000
C000
6000
6000
3000
3000
1800
1C00
0C00
0E00
0600
0300
0300
0180
0180
00C0
00C0
0060
0060
0000
0000
0000
0000

^FX Precompiled file for C:\DOCUME~1\rortizp\Escritorio\logo_mineria.bmp width (pixels)=817 height (pixels)=173^FS
^FX Scale factors: xf=0.308 yf=0.327 orientation=0 scaled width (bytes)=32 scaled height (bytes)=57^FS
~DG88LVBlog,1824,32,
J0SF,
I03SF,
I0TF,
H01TF,
H03TF,
H03SFE,
H07SFE,
:
:
H0TFC,
:
:
:
01TFC,
01TF8,
:
:
01HFCJ0MF8,
01HFCJ03LF8,
03HFCJ01LF,
03HFCK0LF,
03HF8K07KF,
:
03HF8K03KF,
07HF807EH03KF,
07HFH07F801JFE,
07HFH07FC01JFE,
07HFH0HFC01JFE,
:
0IFH0HFC01JFE,
0HFEH0HFC01JFC,
0HFEH0HFH03JFCM03EP07J0FH8,
0HFE01FAH03JFC3HFCI03FH03EH03E03FEH01FH8H061C21023E3FH018,
0HFE01F4H07JFC3IFI07FH07FH03E0IF801FA8H0E1C0386H0H18C18,
1HFEL07JFC3IF8H07FH07FH03C1IF803F8I0E1C238H2021H828,
1HFEL0KF83IF8H0HFH07F803C1F9FH03F8I080C20CH6021H82C,
1HFCK01KF83E0F8H0HFH07F803C3E03H07FCH01A2H42046H23086C,
1HFCK03KF87C07C01EFH07FC07C3EJ07BCI010H4H24603E08H4,
1HFCK0LF87C07C01EFH07FC07C3EJ0F3CH0H1I4H2C402608C,
1HFCJ01LF87C07C03EFH07FE07C3EJ0F3CH0318H461C402108FC,
3HFC038H0LF07C07C03CF80FBE07C3FI01F3CH0210H460H402I184,
3HF807EH0LF07C0F807CF80FBF0783FCH01E3CH02184C41C7E619,
3HF807FH07KF0787F8078F80F9F0F81FEH03E3C,
3HF807FH07KF0JFH0F8780F9F8F80HFH03C3C,
3HF807F803KF0IFEH0F8780F0F8F807F807C3C,
7HFH0HF803KF0IF801F0781F07CF803FC0783CH010C0C02H03868H08H060
7HFH0HFC01JFE0F8FC01E0781F07EFI0FC0F83EH01080D06H0D87E0FE20E0
7HFH0HFC01JFE0F07C03IF81F07HFI07E0IFEI09H080608C0421H020A0
7HFH0HFEH0JFE0F07E07IF81F03HFI03E1IFEI090180E0H804H3H06120
3HFH0HFEH0JFE1F03E07IF83E03HFI03E3IFEI0E0180D98C0423H02120
3FE01IFH0JFC1F03F07IF83E01HF0803C3IFEI0E01F8CD878782H06H20
3FE01IFH0JF81F01F0F807C3EH0FE1C07C3E03EI06018085H8H0860C6H30
1FE01IFH07IF81F01F8F807C3EH0FE1IFC7C03EK01H0871808420H4730
1FE01IFH07IF01EH0F9FH07C3EH07E1IF87C03EI040180871808430C4630
07E01IF803HFC03EH0F9FH07C7CH07E1IF0F801EI0C01I831808414C4C10
01E01IF803HFH03EH0FBEH07C7CH03E03FE0F801FI0C01E98H1FC8105H4C,
,
^XA
^PR10 
^LH0,0^FS
^LL1218
^MD0
^MNY
^LH0,0^FS
^FO25,28^FR^XG88LVBlog,1,1^FS
^CWI,510S8_S2.FNT^FS
^FO641,24^AIN,29,0^CI0^FR^FDNro O/C^FS
^CWJ,M10MMMPA.FNT^FS
^FO384,54^AJN,40,0^CI0^FR^FDVBORDENCOMPRA^FS
^CWK,91097KZS.FNT^FS
^FO26,111^AKN,31,0^CI0^FR^FDPROV:^FS
^CWK,91097KZS.FNT^FS
^FO26,144^AKN,31,0^CI0^FR^FDGUIA PROV:^FS
^CWK,91097KZS.FNT^FS
^FO27,177^AKN,31,0^CI0^FR^FDNRO BULTO:^FS
^CWK,91097KZS.FNT^FS
^FO26,208^AKN,31,0^CI0^FR^FDOBS:^FS
^BY3,3.0^FO116,1039^BCN,111,Y,N,N^FR^FD>:VBCODIGOBARRA^FS
^CWK,91097KZS.FNT^FS
^FO564,110^AKN,31,0^CI0^FR^FDCANT:^FS
^CWK,91097KZS.FNT^FS
^FO567,140^AKN,31,0^CI0^FR^FDPESO:^FS
^CWL,X0097KZS.FNT^FS
^FO545,535^ALN,23,0^CI0^FR^FDCANT10.^FS
^CWL,X0097KZS.FNT^FS
^FO465,535^ALN,23,0^CI0^FR^FDUNID10.^FS
^CWL,X0097KZS.FNT^FS
^FO105,537^ALN,23,0^CI0^FR^FDLINEA10.^FS
^CWL,X0097KZS.FNT^FS
^FO15,537^ALN,23,0^CI0^FR^FDITEM_10.^FS
^CWL,X0097KZS.FNT^FS
^FO631,507^ALN,23,0^CI0^FR^FDCODIGO9.^FS
^CWL,X0097KZS.FNT^FS
^FO545,507^ALN,23,0^CI0^FR^FDCANT9.^FS
^CWL,X0097KZS.FNT^FS
^FO465,507^ALN,23,0^CI0^FR^FDUNID9.^FS
^CWL,X0097KZS.FNT^FS
^FO105,507^ALN,23,0^CI0^FR^FDLINEA9.^FS
^CWL,X0097KZS.FNT^FS
^FO15,509^ALN,23,0^CI0^FR^FDITEM_9.^FS
^CWL,X0097KZS.FNT^FS
^FO13,827^ALN,23,0^CI0^FR^FDITEM_21.^FS
^CWL,X0097KZS.FNT^FS
^FO104,825^ALN,23,0^CI0^FR^FDLINEA21.^FS
^CWL,X0097KZS.FNT^FS
^FO464,825^ALN,23,0^CI0^FR^FDUNID21.^FS
^CWL,X0097KZS.FNT^FS
^FO544,825^ALN,23,0^CI0^FR^FDCANT21.^FS
^CWL,X0097KZS.FNT^FS
^FO629,825^ALN,23,0^CI0^FR^FDCODIGO21.^FS
^CWL,X0097KZS.FNT^FS
^FO14,853^ALN,23,0^CI0^FR^FDITEM_22.^FS
^CWL,X0097KZS.FNT^FS
^FO104,851^ALN,23,0^CI0^FR^FDLINEA22.^FS
^CWL,X0097KZS.FNT^FS
^FO464,853^ALN,23,0^CI0^FR^FDUNID22.^FS
^CWL,X0097KZS.FNT^FS
^FO544,853^ALN,23,0^CI0^FR^FDCANT22.^FS
^CWL,X0097KZS.FNT^FS
^FO629,853^ALN,23,0^CI0^FR^FDCODIGO22.^FS
^CWL,X0097KZS.FNT^FS
^FO627,905^ALN,23,0^CI0^FR^FDCODIGO24.^FS
^CWL,X0097KZS.FNT^FS
^FO543,905^ALN,23,0^CI0^FR^FDCANT24.^FS
^CWL,X0097KZS.FNT^FS
^FO463,907^ALN,23,0^CI0^FR^FDUNID24.^FS
^CWL,X0097KZS.FNT^FS
^FO103,907^ALN,23,0^CI0^FR^FDLINEA24.^FS
^CWL,X0097KZS.FNT^FS
^FO13,907^ALN,23,0^CI0^FR^FDITEM_24.^FS
^CWL,X0097KZS.FNT^FS
^FO627,877^ALN,23,0^CI0^FR^FDCODIGO23.^FS
^CWL,X0097KZS.FNT^FS
^FO543,877^ALN,23,0^CI0^FR^FDCANT23.^FS
^CWL,X0097KZS.FNT^FS
^FO463,879^ALN,23,0^CI0^FR^FDUNID23.^FS
^CWL,X0097KZS.FNT^FS
^FO103,879^ALN,23,0^CI0^FR^FDLINEA23.^FS
^CWL,X0097KZS.FNT^FS
^FO12,879^ALN,23,0^CI0^FR^FDITEM_23.^FS
^CWL,X0097KZS.FNT^FS
^FO13,773^ALN,23,0^CI0^FR^FDITEM_19.^FS
^CWM,11097KZS.FNT^FS
^FO22,255^AMN,27,0^CI0^FR^FDITEM^FS
^CWL,X0097KZS.FNT^FS
^FO104,773^ALN,23,0^CI0^FR^FDLINEA19.^FS
^CWL,X0097KZS.FNT^FS
^FO464,773^ALN,23,0^CI0^FR^FDUNID19.^FS
^CWL,X0097KZS.FNT^FS
^FO544,771^ALN,23,0^CI0^FR^FDCANT19.^FS
^CWL,X0097KZS.FNT^FS
^FO629,771^ALN,23,0^CI0^FR^FDCODIGO19.^FS
^CWL,X0097KZS.FNT^FS
^FO14,799^ALN,23,0^CI0^FR^FDITEM_20.^FS
^CWL,X0097KZS.FNT^FS
^FO104,797^ALN,23,0^CI0^FR^FDLINEA20.^FS
^CWL,X0097KZS.FNT^FS
^FO464,801^ALN,23,0^CI0^FR^FDUNID20.^FS
^CWL,X0097KZS.FNT^FS
^FO544,799^ALN,23,0^CI0^FR^FDCANT20.^FS
^CWL,X0097KZS.FNT^FS
^FO629,799^ALN,23,0^CI0^FR^FDCODIGO20.^FS
^CWL,X0097KZS.FNT^FS
^FO629,747^ALN,23,0^CI0^FR^FDCODIGO18.^FS
^CWM,11097KZS.FNT^FS
^FO198,255^AMN,27,0^CI0^FR^FDDESCRIPCION^FS
^CWL,X0097KZS.FNT^FS
^FO545,747^ALN,23,0^CI0^FR^FDCANT18.^FS
^CWL,X0097KZS.FNT^FS
^FO465,747^ALN,23,0^CI0^FR^FDUNID18.^FS
^CWL,X0097KZS.FNT^FS
^FO105,749^ALN,23,0^CI0^FR^FDLINEA18.^FS
^CWL,X0097KZS.FNT^FS
^FO15,749^ALN,23,0^CI0^FR^FDITEM_18.^FS
^CWL,X0097KZS.FNT^FS
^FO629,719^ALN,23,0^CI0^FR^FDCODIGO17.^FS
^CWL,X0097KZS.FNT^FS
^FO545,719^ALN,23,0^CI0^FR^FDCANT17.^FS
^CWL,X0097KZS.FNT^FS
^FO465,719^ALN,23,0^CI0^FR^FDUNID17.^FS
^CWL,X0097KZS.FNT^FS
^FO105,719^ALN,23,0^CI0^FR^FDLINEA17.^FS
^CWL,X0097KZS.FNT^FS
^FO14,721^ALN,23,0^CI0^FR^FDITEM_17.^FS
^CWL,X0097KZS.FNT^FS
^FO14,933^ALN,23,0^CI0^FR^FDITEM_25.^FS
^CWM,11097KZS.FNT^FS
^FO647,255^AMN,27,0^CI0^FR^FDCODIGO^FS
^CWL,X0097KZS.FNT^FS
^FO104,933^ALN,23,0^CI0^FR^FDLINEA25.^FS
^CWN,Y0P97KZS.FNT^FS
^FO464,933^ANN,24,0^CI0^FR^FDUNID25.^FS
^CWL,X0097KZS.FNT^FS
^FO544,931^ALN,23,0^CI0^FR^FDCANT25.^FS
^CWL,X0097KZS.FNT^FS
^FO629,931^ALN,23,0^CI0^FR^FDCODIGO25.^FS
^CWM,11097KZS.FNT^FS
^FO553,255^AMN,27,0^CI0^FR^FDCANT^FS
^CWM,11097KZS.FNT^FS
^FO471,255^AMN,27,0^CI0^FR^FDUNID^FS
^CWO,51097KZS.FNT^FS
^FO119,112^AON,29,0^CI0^FR^FDVBPROVEEDOR^FS
^CWO,51097KZS.FNT^FS
^FO209,145^AON,29,0^CI0^FR^FDVBGUIA^FS
^CWO,51097KZS.FNT^FS
^FO210,179^AON,29,0^CI0^FR^FDVBBULTO^FS
^CWO,51097KZS.FNT^FS
^FO100,209^AON,29,0^CI0^FR^FDVBOBSERVACIONES^FS
^CWO,51097KZS.FNT^FS
^FO655,141^AON,29,0^CI0^FR^FDVBPESO^FS
^CWO,51097KZS.FNT^FS
^FO657,112^AON,29,0^CI0^FR^FDVBCANT^FS
^CWL,X0097KZS.FNT^FS
^FO15,297^ALN,23,0^CI0^FR^FDITEM_1.^FS
^CWP,Y0097KZS.FNT^FS
^FO106,296^APN,24,0^CI0^FR^FDLINEA1.^FS
^CWP,Y0097KZS.FNT^FS
^FO466,296^APN,24,0^CI0^FR^FDUNID1.^FS
^CWP,Y0097KZS.FNT^FS
^FO546,295^APN,24,0^CI0^FR^FDCANT1.^FS
^CWP,Y0097KZS.FNT^FS
^FO631,295^APN,24,0^CI0^FR^FDCODIGO1.^FS
^CWL,X0097KZS.FNT^FS
^FO16,325^ALN,23,0^CI0^FR^FDITEM_2.^FS
^CWP,Y0097KZS.FNT^FS
^FO106,325^APN,24,0^CI0^FR^FDLINEA2.^FS
^CWL,X0097KZS.FNT^FS
^FO466,324^ALN,23,0^CI0^FR^FDUNID2.^FS
^CWP,Y0097KZS.FNT^FS
^FO546,323^APN,24,0^CI0^FR^FDCANT2.^FS
^CWP,Y0097KZS.FNT^FS
^FO631,323^APN,24,0^CI0^FR^FDCODIGO2.^FS
^CWL,X0097KZS.FNT^FS
^FO629,376^ALN,23,0^CI0^FR^FDCODIGO4.^FS
^CWL,X0097KZS.FNT^FS
^FO545,376^ALN,23,0^CI0^FR^FDCANT4.^FS
^CWL,X0097KZS.FNT^FS
^FO465,377^ALN,23,0^CI0^FR^FDUNID4.^FS
^CWL,X0097KZS.FNT^FS
^FO105,374^ALN,23,0^CI0^FR^FDLINEA4.^FS
^CWL,X0097KZS.FNT^FS
^FO15,376^ALN,23,0^CI0^FR^FDITEM_4.^FS
^CWL,X0097KZS.FNT^FS
^FO629,348^ALN,23,0^CI0^FR^FDCODIGO3.^FS
^CWL,X0097KZS.FNT^FS
^FO545,348^ALN,23,0^CI0^FR^FDCANT3.^FS
^CWL,X0097KZS.FNT^FS
^FO465,349^ALN,23,0^CI0^FR^FDUNID3.^FS
^CWL,X0097KZS.FNT^FS
^FO105,349^ALN,23,0^CI0^FR^FDLINEA3.^FS
^CWL,X0097KZS.FNT^FS
^FO14,350^ALN,23,0^CI0^FR^FDITEM_3.^FS
^CWL,X0097KZS.FNT^FS
^FO13,455^ALN,23,0^CI0^FR^FDITEM_7.^FS
^CWL,X0097KZS.FNT^FS
^FO104,455^ALN,23,0^CI0^FR^FDLINEA7.^FS
^CWL,X0097KZS.FNT^FS
^FO464,455^ALN,23,0^CI0^FR^FDUNID7.^FS
^CWL,X0097KZS.FNT^FS
^FO544,453^ALN,23,0^CI0^FR^FDCANT7.^FS
^CWL,X0097KZS.FNT^FS
^FO629,453^ALN,23,0^CI0^FR^FDCODIGO7.^FS
^CWL,X0097KZS.FNT^FS
^FO14,483^ALN,23,0^CI0^FR^FDITEM_8.^FS
^CWL,X0097KZS.FNT^FS
^FO104,483^ALN,23,0^CI0^FR^FDLINEA8.^FS
^CWL,X0097KZS.FNT^FS
^FO464,483^ALN,23,0^CI0^FR^FDUNID8.^FS
^CWL,X0097KZS.FNT^FS
^FO544,481^ALN,23,0^CI0^FR^FDCANT8.^FS
^CWL,X0097KZS.FNT^FS
^FO629,481^ALN,23,0^CI0^FR^FDCODIGO8.^FS
^CWL,X0097KZS.FNT^FS
^FO629,429^ALN,23,0^CI0^FR^FDCODIGO6.^FS
^CWL,X0097KZS.FNT^FS
^FO545,429^ALN,23,0^CI0^FR^FDCANT6.^FS
^CWL,X0097KZS.FNT^FS
^FO465,429^ALN,23,0^CI0^FR^FDUNID6.^FS
^CWL,X0097KZS.FNT^FS
^FO105,428^ALN,23,0^CI0^FR^FDLINEA6.^FS
^CWL,X0097KZS.FNT^FS
^FO15,430^ALN,23,0^CI0^FR^FDITEM_6.^FS
^CWL,X0097KZS.FNT^FS
^FO629,401^ALN,23,0^CI0^FR^FDCODIGO5.^FS
^CWL,X0097KZS.FNT^FS
^FO545,401^ALN,23,0^CI0^FR^FDCANT5.^FS
^CWL,X0097KZS.FNT^FS
^FO465,401^ALN,23,0^CI0^FR^FDUNID5.^FS
^CWL,X0097KZS.FNT^FS
^FO105,401^ALN,23,0^CI0^FR^FDLINEA5.^FS
^CWL,X0097KZS.FNT^FS
^FO14,403^ALN,23,0^CI0^FR^FDITEM_5.^FS
^CWL,X0097KZS.FNT^FS
^FO13,615^ALN,23,0^CI0^FR^FDITEM_13.^FS
^CWL,X0097KZS.FNT^FS
^FO105,613^ALN,23,0^CI0^FR^FDLINEA13.^FS
^CWL,X0097KZS.FNT^FS
^FO465,613^ALN,23,0^CI0^FR^FDUNID13.^FS
^CWL,X0097KZS.FNT^FS
^FO545,613^ALN,23,0^CI0^FR^FDCANT13.^FS
^CWL,X0097KZS.FNT^FS
^FO629,613^ALN,23,0^CI0^FR^FDCODIGO13.^FS
^CWL,X0097KZS.FNT^FS
^FO15,641^ALN,23,0^CI0^FR^FDITEM_14.^FS
^CWL,X0097KZS.FNT^FS
^FO105,639^ALN,23,0^CI0^FR^FDLINEA14.^FS
^CWL,X0097KZS.FNT^FS
^FO465,641^ALN,23,0^CI0^FR^FDUNID14.^FS
^CWL,X0097KZS.FNT^FS
^FO545,641^ALN,23,0^CI0^FR^FDCANT14.^FS
^CWL,X0097KZS.FNT^FS
^FO629,641^ALN,23,0^CI0^FR^FDCODIGO14.^FS
^CWL,X0097KZS.FNT^FS
^FO629,693^ALN,23,0^CI0^FR^FDCODIGO16.^FS
^CWL,X0097KZS.FNT^FS
^FO543,693^ALN,23,0^CI0^FR^FDCANT16.^FS
^CWL,X0097KZS.FNT^FS
^FO463,695^ALN,23,0^CI0^FR^FDUNID16.^FS
^CWL,X0097KZS.FNT^FS
^FO103,695^ALN,23,0^CI0^FR^FDLINEA16.^FS
^CWL,X0097KZS.FNT^FS
^FO13,695^ALN,23,0^CI0^FR^FDITEM_16.^FS
^CWL,X0097KZS.FNT^FS
^FO629,665^ALN,23,0^CI0^FR^FDCODIGO15.^FS
^CWL,X0097KZS.FNT^FS
^FO543,665^ALN,23,0^CI0^FR^FDCANT15.^FS
^CWL,X0097KZS.FNT^FS
^FO463,667^ALN,23,0^CI0^FR^FDUNID15.^FS
^CWL,X0097KZS.FNT^FS
^FO103,667^ALN,23,0^CI0^FR^FDLINEA15.^FS
^CWL,X0097KZS.FNT^FS
^FO13,667^ALN,23,0^CI0^FR^FDITEM_15.^FS
^CWL,X0097KZS.FNT^FS
^FO13,561^ALN,23,0^CI0^FR^FDITEM_11.^FS
^CWL,X0097KZS.FNT^FS
^FO105,561^ALN,23,0^CI0^FR^FDLINEA11.^FS
^CWL,X0097KZS.FNT^FS
^FO465,561^ALN,23,0^CI0^FR^FDUNID11.^FS
^CWL,X0097KZS.FNT^FS
^FO545,559^ALN,23,0^CI0^FR^FDCANT11.^FS
^CWL,X0097KZS.FNT^FS
^FO629,559^ALN,23,0^CI0^FR^FDCODIGO11.^FS
^CWL,X0097KZS.FNT^FS
^FO15,587^ALN,23,0^CI0^FR^FDITEM_12.^FS
^CWL,X0097KZS.FNT^FS
^FO105,585^ALN,23,0^CI0^FR^FDLINEA12.^FS
^CWL,X0097KZS.FNT^FS
^FO465,589^ALN,23,0^CI0^FR^FDUNID12.^FS
^CWL,X0097KZS.FNT^FS
^FO545,587^ALN,23,0^CI0^FR^FDCANT12.^FS
^CWL,X0097KZS.FNT^FS
^FO629,587^ALN,23,0^CI0^FR^FDCODIGO12.^FS
^CWL,X0097KZS.FNT^FS
^FO631,535^ALN,23,0^CI0^FR^FDCODIGO10.^FS
^FO8,16^GB759,1181,5^FS
^FO12,248^GB751,0,3^FS
^FO8,287^GB757,0,3^FS
^FO97,250^GB0,771,3^FS
^FO461,250^GB0,771,3^FS
^FO541,252^GB0,771,3^FS
^FO623,252^GB0,771,3^FS
^FO9,1018^GB757,0,5^FS
^PQ1,0,0,N
^XZ
^FX End of job
^XA
^IDR:ID*.*
^XZ
^FX/CNOor
^ID510S8_S2.FNT
~DB510S8_S2.FNT,N,32,24,26,8,6,Arial,
#002F.32.8.0.26.8.
00
00
00
00
00
00
03
03
06
06
06
0C
0C
0C
1C
18
18
18
30
30
30
60
60
60
E0
C0
00
00
00
00
00
00
#0043.32.24.1.26.20.
000000
000000
000000
000000
000000
000000
03F800
0FFE00
1E0700
380380
7001C0
6000C0
E00000
C00000
C00000
C00000
C00000
C00000
C00000
6000C0
6001C0
700180
380380
1C0F00
0FFE00
03F800
000000
000000
000000
000000
000000
000000
#004E.32.24.2.26.20.
000000
000000
000000
000000
000000
000000
E00300
E00300
F00300
F80300
D80300
CC0300
C60300
C60300
C30300
C18300
C18300
C0C300
C06300
C06300
C03300
C01B00
C01F00
C00F00
C00700
C00700
000000
000000
000000
000000
000000
000000
#004F.32.24.1.26.22.
000000
000000
000000
000000
000000
000000
01F800
0FFF00
1E0780
3801C0
7000E0
600060
600060
C00030
C00030
C00030
C00030
C00030
C00030
600060
600060
7000E0
3801C0
1E0780
0FFF00
01F800
000000
000000
000000
000000
000000
000000
#006F.32.16.1.26.15.
0000
0000
0000
0000
0000
0000
0000
0000
0000
0000
0000
0F80
3FE0
7070
6030
E038
C018
C018
C018
C018
C018
E038
6030
7070
3FE0
0F80
0000
0000
0000
0000
0000
0000
#0072.32.16.2.26.9.
0000
0000
0000
0000
0000
0000
0000
0000
0000
0000
0000
DE00
FE00
E000
E000
C000
C000
C000
C000
C000
C000
C000
C000
C000
C000
C000
0000
0000
0000
0000
0000
0000
^FXABCDEMNOPRV
^IDM10MMMPA.FNT
~DBM10MMMPA.FNT,N,45,40,36,11,11,Arial,
#0041.45.32.0.36.27.
,
:
:
:
:
:
:
:
H03F8,
:
H07FC,
:
H07BC,
H0FBE,
:
01F1E,
01F1F,
:
03E0F8,
:
:
07C07C,
:
:
0F803E,
:
1KF,
:
:
3KF80
3EI0F80
:
7CI07C0
:
:
F8I03E0
,
:
:
:
:
:
:
:
:
#0042.45.32.3.36.28.
,
:
:
:
:
:
:
:
JF8,
JFE,
KF,
KF8,
F801FC,
F8H0FC,
F8H07C,
:
:
F8H0F8,
F801F8,
KF,
JFE,
KF,
KF8,
F801FC,
F8H07C,
F8H03E,
:
:
:
:
F8H07E,
F8H0FC,
KFC,
KF8,
KF,
JFC,
,
:
:
:
:
:
:
:
:
#0043.45.32.2.36.28.
,
:
:
:
:
:
:
:
H07F8,
03HFE,
07IF8,
0JFC,
1FC1FC,
3FH07E,
3EH03E,
7CH03F,
7CH01C,
78,
F8,
:
:
:
:
:
:
:
FCH01,
7CH01E,
7CH03F,
3EH07E,
3FH07E,
1FC1FC,
0JFC,
07IF8,
03HFE,
H07F8,
,
:
:
:
:
:
:
:
:
#0044.45.32.3.36.28.
,
:
:
:
:
:
:
:
IFE,
JFC,
JFE,
KF,
F803F8,
F801F8,
F8H0FC,
F8H07C,
:
F8H03E,
:
:
:
:
:
:
:
:
:
F8H07C,
:
:
F8H0F8,
F803F8,
KF,
JFE,
JF8,
IFE,
,
:
:
:
:
:
:
:
:
#0045.45.32.3.36.26.
,
:
:
:
:
:
:
:
KF,
:
:
:
F8,
:
:
:
:
:
:
JFE,
:
:
:
F8,
:
:
:
:
:
:
:
:
KF8,
:
:
:
,
:
:
:
:
:
:
:
:
#004D.45.40.4.36.33.
,
:
:
:
:
:
:
:
FEH03F8,
:
HFH07F8,
:
:
:
F780F78,
:
:
F380E78,
F3C1E78,
:
:
F1C1C78,
F1E3C78,
:
F0E3878,
F0F7878,
:
F0H7078,
:
F07F078,
:
F03E078,
:
:
F01C078,
:
,
:
:
:
:
:
:
:
:
#004E.45.32.3.36.28.
,
:
:
:
:
:
:
:
FCH03C,
FEH03C,
:
HFH03C,
:
HF803C,
F7803C,
F7C03C,
F3C03C,
F3E03C,
F1E03C,
F1F03C,
F0F03C,
F0F83C,
F0783C,
F07C3C,
F03C3C,
F03E3C,
F01E3C,
F01F3C,
FH0F3C,
FH0FBC,
FH07BC,
FH07FC,
FH03FC,
:
FH01FC,
:
,
:
:
:
:
:
:
:
:
#004F.45.32.2.36.30.
,
:
:
:
:
:
:
:
H07F8,
03IF,
07IF8,
0JFC,
1FC0FE,
3FH03F,
3EH01F,
7CI0F80
:
FCI0FC0
F8I07C0
:
:
:
:
:
:
:
FCI0FC0
7CI0F80
7EH01F80
3EH01F,
3FH03F,
1FC0FE,
0JFC,
07IF8,
03IF,
H07F8,
,
:
:
:
:
:
:
:
:
#0050.45.32.3.36.26.
,
:
:
:
:
:
:
:
JF,
JFC,
JFE,
KF,
F807F,
F801F8,
F8H0F8,
:
:
:
:
F801F8,
F807F,
KF,
JFE,
JF8,
IFE,
F8,
:
:
:
:
:
:
:
:
:
:
,
:
:
:
:
:
:
:
:
#0052.45.32.3.36.28.
,
:
:
:
:
:
:
:
JF8,
JFE,
KF,
KF8,
F801F8,
F8H0FC,
F8H07C,
:
:
:
F8H0FC,
F801F8,
KF8,
KF,
JFC,
IFE,
F83F8,
F81FC,
F80FC,
F807E,
F803F,
:
F801F8,
F8H0F8,
F8H0FC,
F8H07E,
:
F8H03F,
,
:
:
:
:
:
:
:
:
#0056.45.32.0.36.26.
,
:
:
:
:
:
:
:
F8I0F80
7CH01F,
:
:
3EH03E,
:
:
1FH07C,
:
:
0F80F8,
:
:
0780F,
07C1F,
:
03C1E,
03E3E,
:
01E3C,
01F7C,
:
H0F78,
H0HF8,
H0HF,
H07F,
:
H03E,
,
:
:
:
:
:
:
:
:
^FX:ABCEGILNOPRSTUV
^ID91097KZS.FNT
~DB91097KZS.FNT,N,34,24,25,19,16,Courier New,
#003A.34.48.7.25.19.
000000000000
000000000000
000000000000
000000000000
000000000000
000000000000
000000000000
000000000000
000000000000
000000000000
000000000000
700000000000
F80000000000
F80000000000
700000000000
000000000000
000000000000
000000000000
000000000000
000000000000
000000000000
700000000000
F80000000000
F80000000000
700000000000
000000000000
000000000000
000000000000
000000000000
000000000000
000000000000
000000000000
000000000000
000000000000
#0041.34.24.-1.25.19.
000000
000000
000000
000000
000000
000000
000000
0FF000
0FF000
0FF800
00F800
01DC00
01DC00
038E00
038E00
070700
070700
0FFF80
0FFF80
1FFFC0
1C01C0
3800E0
FF07F8
FF07F8
FF07F8
000000
000000
000000
000000
000000
000000
000000
000000
000000
#0042.34.24.1.25.19.
000000
000000
000000
000000
000000
000000
000000
FFF800
FFFC00
FFFE00
380F00
380700
380700
381E00
3FFC00
3FFC00
3FFE00
380F00
380780
380380
380380
380780
FFFF00
FFFF00
FFFC00
000000
000000
000000
000000
000000
000000
000000
000000
000000
#0043.34.24.1.25.19.
000000
000000
000000
000000
000000
000000
000000
03FB80
0FFF80
3FFF80
3C0F80
780380
700380
E00000
E00000
E00000
E00000
E00000
E00000
F00000
780380
7C0780
3FFF80
0FFE00
03F800
000000
000000
000000
000000
000000
000000
000000
000000
000000
#0045.34.24.1.25.19.
000000
000000
000000
000000
000000
000000
000000
FFFE00
FFFE00
FFFE00
380E00
380E00
38EE00
38EE00
3FE000
3FE000
3FE000
38E000
38E700
380700
380700
380700
FFFF00
FFFF00
FFFF00
000000
000000
000000
000000
000000
000000
000000
000000
000000
#0047.34.24.1.25.19.
000000
000000
000000
000000
000000
000000
000000
07F700
1FFF00
3FFF00
3C1F00
700F00
F00700
E00000
E00000
E0FFC0
E0FFC0
E0FFC0
E00700
E00700
700700
7C1F00
3FFF00
1FFC00
07F000
000000
000000
000000
000000
000000
000000
000000
000000
000000
#0049.34.24.3.25.19.
000000
000000
000000
000000
000000
000000
000000
FFF800
FFF800
FFF800
070000
070000
070000
070000
070000
070000
070000
070000
070000
070000
070000
070000
FFF800
FFF800
FFF800
000000
000000
000000
000000
000000
000000
000000
000000
000000
#004C.34.24.1.25.19.
000000
000000
000000
000000
000000
000000
000000
FFE000
FFE000
FFE000
0E0000
0E0000
0E0000
0E0000
0E0000
0E0000
0E0000
0E0380
0E0380
0E0380
0E0380
0E0380
FFFF80
FFFF80
FFFF80
000000
000000
000000
000000
000000
000000
000000
000000
000000
#004E.34.24.0.25.19.
000000
000000
000000
000000
000000
000000
000000
F01FE0
F81FE0
FC1FE0
3E0380
3F0380
3F0380
3B8380
3BC380
39E380
38F380
387B80
383B80
381F80
381F80
380F80
FF0780
FF0380
FF0180
000000
000000
000000
000000
000000
000000
000000
000000
000000
#004F.34.24.1.25.19.
000000
000000
000000
000000
000000
000000
000000
03E000
0FF800
1FFC00
3C1E00
780F00
700700
E00380
E00380
E00380
E00380
E00380
E00380
700700
780F00
3C1E00
1FFC00
0FF800
03E000
000000
000000
000000
000000
000000
000000
000000
000000
000000
#0050.34.24.2.25.19.
000000
000000
000000
000000
000000
000000
000000
FFF000
FFFC00
FFFE00
381E00
380700
380700
380700
380F00
381E00
3FFE00
3FF800
3FF000
380000
380000
380000
FFC000
FFC000
FFC000
000000
000000
000000
000000
000000
000000
000000
000000
000000
#0052.34.24.1.25.19.
000000
000000
000000
000000
000000
000000
000000
FFF000
FFFC00
FFFE00
380F00
380700
380700
380700
380E00
3FFC00
3FF800
3FF000
387800
383C00
381E00
380E00
FF0FC0
FF07C0
FF03C0
000000
000000
000000
000000
000000
000000
000000
000000
000000
#0053.34.24.2.25.19.
000000
000000
000000
000000
000000
000000
000000
0FDC00
1FFC00
3FFC00
783C00
701C00
700C00
780000
3F0000
3FF000
0FFC00
00FC00
001E00
C00E00
E00E00
F03E00
FFFC00
FFF800
EFE000
000000
000000
000000
000000
000000
000000
000000
000000
000000
#0054.34.24.2.25.19.
000000
000000
000000
000000
000000
000000
000000
FFFE00
FFFE00
FFFE00
E38E00
E38E00
E38E00
E38E00
E38E00
038000
038000
038000
038000
038000
038000
038000
3FF800
3FF800
3FF800
000000
000000
000000
000000
000000
000000
000000
000000
000000
#0055.34.24.0.25.19.
000000
000000
000000
000000
000000
000000
000000
FF1FE0
FF1FE0
FF1FE0
380380
380380
380380
380380
380380
380380
380380
380380
380380
380380
3C0780
1E0F00
0FFE00
07FC00
01F000
000000
000000
000000
000000
000000
000000
000000
000000
000000
#0056.34.24.-1.25.19.
000000
000000
000000
000000
000000
000000
000000
FF07F8
FF07F8
FF07F8
3C01E0
1C01C0
1E03C0
0E0380
0F0780
070700
078F00
038E00
038E00
01DC00
01DC00
00F800
00F800
007000
007000
000000
000000
000000
000000
000000
000000
000000
000000
000000
^FX"',-./0123456789:@ACDEGILMNOTU\_
^IDX0097KZS.FNT
~DBX0097KZS.FNT,N,25,16,18,13,32,Courier New,
#0022.25.24.3.18.13.
000000
000000
000000
000000
000000
E70000
E70000
E70000
420000
420000
420000
420000
000000
000000
000000
000000
000000
000000
000000
000000
000000
000000
000000
000000
000000
#0027.25.40.5.18.13.
0000000000
0000000000
0000000000
0000000000
0000000000
E000000000
E000000000
E000000000
4000000000
4000000000
4000000000
4000000000
0000000000
0000000000
0000000000
0000000000
0000000000
0000000000
0000000000
0000000000
0000000000
0000000000
0000000000
0000000000
0000000000
#002C.25.24.4.18.13.
000000
000000
000000
000000
000000
000000
000000
000000
000000
000000
000000
000000
000000
000000
000000
380000
300000
600000
600000
400000
C00000
800000
000000
000000
000000
#002D.25.16.2.18.13.
0000
0000
0000
0000
0000
0000
0000
0000
0000
0000
0000
FF80
FF80
0000
0000
0000
0000
0000
0000
0000
0000
0000
0000
0000
0000
#002E.25.40.5.18.13.
0000000000
0000000000
0000000000
0000000000
0000000000
0000000000
0000000000
0000000000
0000000000
0000000000
0000000000
0000000000
0000000000
0000000000
0000000000
E000000000
E000000000
E000000000
0000000000
0000000000
0000000000
0000000000
0000000000
0000000000
0000000000
#002F.25.16.2.18.13.
0000
0000
0180
0180
0380
0300
0300
0600
0600
0C00
0C00
1C00
1800
1800
3000
3000
6000
6000
E000
C000
C000
0000
0000
0000
0000
#0030.25.16.2.18.13.
0000
0000
0000
0000
1E00
7F00
6300
C380
C180
C180
C180
C180
C180
C180
E180
6300
7F00
1C00
0000
0000
0000
0000
0000
0000
0000
#0031.25.16.2.18.13.
0000
0000
0000
0000
0400
3C00
FC00
EC00
0C00
0C00
0C00
0C00
0C00
0C00
0C00
0C00
FFC0
FFC0
0000
0000
0000
0000
0000
0000
0000
#0032.25.16.1.18.13.
0000
0000
0000
0000
1E00
7F80
E1C0
C0C0
C0C0
01C0
0380
0700
0E00
1C00
3000
6000
FFC0
FFC0
0000
0000
0000
0000
0000
0000
0000
#0033.25.16.1.18.13.
0000
0000
0000
0000
1F00
7F80
61C0
00C0
00C0
01C0
0F80
0F80
01C0
00C0
00C0
C1C0
FF80
7F00
0000
0000
0000
0000
0000
0000
0000
#0034.25.16.1.18.13.
0000
0000
0000
0000
0700
0F00
0F00
1B00
1B00
3300
3300
6300
C300
FFC0
FFC0
0300
0FC0
0FC0
0000
0000
0000
0000
0000
0000
0000
#0035.25.16.1.18.13.
0000
0000
0000
0000
7F80
7F80
6000
6000
6000
6F00
7F80
61C0
00C0
00C0
00C0
C1C0
FF80
3F00
0000
0000
0000
0000
0000
0000
0000
#0036.25.16.2.18.13.
0000
0000
0000
0000
07C0
1FC0
3800
7000
6000
DE00
FF80
E180
C0C0
C0C0
C0C0
61C0
7F80
1F00
0000
0000
0000
0000
0000
0000
0000
#0037.25.16.2.18.13.
0000
0000
0000
0000
FF80
FF80
C180
0180
0300
0300
0300
0700
0600
0600
0600
0C00
0C00
0C00
0000
0000
0000
0000
0000
0000
0000
#0038.25.16.2.18.13.
0000
0000
0000
0000
3E00
7F00
E380
C180
C180
6300
3E00
3E00
6300
C180
C180
E380
7F00
3E00
0000
0000
0000
0000
0000
0000
0000
#0039.25.16.2.18.13.
0000
0000
0000
0000
3E00
7F80
E180
C0C0
C0C0
C0C0
61C0
7FC0
1EC0
0180
0180
0700
FE00
F800
0000
0000
0000
0000
0000
0000
0000
#003A.25.40.5.18.13.
0000000000
0000000000
0000000000
0000000000
0000000000
0000000000
0000000000
0000000000
E000000000
E000000000
E000000000
0000000000
0000000000
0000000000
0000000000
E000000000
E000000000
E000000000
0000000000
0000000000
0000000000
0000000000
0000000000
0000000000
0000000000
#0040.25.24.2.18.13.
000000
000000
000000
000000
1C0000
640000
420000
820000
820000
8E0000
920000
920000
920000
8E0000
800000
800000
400000
420000
3C0000
000000
000000
000000
000000
000000
000000
#0041.25.24.-1.18.13.
000000
000000
000000
000000
000000
1F8000
1F8000
07C000
06C000
06C000
0C6000
0C6000
1FF000
1FF000
301800
301800
FC7E00
FC7E00
000000
000000
000000
000000
000000
000000
000000
#0043.25.16.1.18.13.
0000
0000
0000
0000
0000
1F60
3FE0
70E0
E060
C060
C000
C000
C000
C000
E060
70E0
3FC0
1F80
0000
0000
0000
0000
0000
0000
0000
#0044.25.16.1.18.13.
0000
0000
0000
0000
0000
FF00
FF80
61C0
60C0
6060
6060
6060
6060
6060
60E0
61C0
FF80
FF00
0000
0000
0000
0000
0000
0000
0000
#0045.25.16.1.18.13.
0000
0000
0000
0000
0000
FFE0
FFE0
6060
6660
6600
7E00
7E00
6600
6660
6060
6060
FFE0
FFE0
0000
0000
0000
0000
0000
0000
0000
#0047.25.16.1.18.13.
0000
0000
0000
0000
0000
0F60
3FE0
70E0
6060
C000
C000
C000
C3F0
C3F0
C060
6060
7FE0
1F80
0000
0000
0000
0000
0000
0000
0000
#0049.25.16.2.18.13.
0000
0000
0000
0000
0000
FF00
FF00
1800
1800
1800
1800
1800
1800
1800
1800
1800
FF00
FF00
0000
0000
0000
0000
0000
0000
0000
#004C.25.16.1.18.13.
0000
0000
0000
0000
0000
FE00
FE00
3000
3000
3000
3000
3000
3060
3060
3060
3060
FFE0
FFE0
0000
0000
0000
0000
0000
0000
0000
#004D.25.24.-1.18.13.
000000
000000
000000
000000
000000
F01E00
F83E00
383800
3C7800
3C7800
36D800
36D800
339800
339800
311800
301800
FE7E00
FE7E00
000000
000000
000000
000000
000000
000000
000000
#004E.25.16.1.18.13.
0000
0000
0000
0000
0000
E3E0
F3E0
70C0
78C0
78C0
6CC0
6EC0
66C0
63C0
63C0
61C0
F9C0
F8C0
0000
0000
0000
0000
0000
0000
0000
#004F.25.16.1.18.13.
0000
0000
0000
0000
0000
1F00
3F80
71C0
60C0
C060
C060
C060
C060
C060
60C0
71C0
3F80
1F00
0000
0000
0000
0000
0000
0000
0000
#0054.25.16.0.18.13.
0000
0000
0000
0000
0000
FFF0
FFF0
C630
C630
C630
0600
0600
0600
0600
0600
0600
1F80
1F80
0000
0000
0000
0000
0000
0000
0000
#0055.25.16.1.18.13.
0000
0000
0000
0000
0000
FBE0
FBE0
60C0
60C0
60C0
60C0
60C0
60C0
60C0
60C0
3180
3F80
0E00
0000
0000
0000
0000
0000
0000
0000
#005C.25.16.2.18.13.
0000
0000
C000
C000
6000
6000
7000
3000
3000
1800
1800
0C00
0C00
0600
0600
0700
0300
0300
0180
0180
0000
0000
0000
0000
0000
#005F.25.24.-1.18.13.
000000
000000
000000
000000
000000
000000
000000
000000
000000
000000
000000
000000
000000
000000
000000
000000
000000
000000
000000
000000
000000
000000
000000
FFFE00
FFFE00
^FXACDEGIMNOPRSTU
^ID11097KZS.FNT
~DB11097KZS.FNT,N,29,24,21,15,14,Courier New,
#0041.29.24.-1.21.15.
000000
000000
000000
000000
000000
000000
0F8000
0FC000
01C000
036000
036000
063000
063000
0C1800
0C1800
1FFC00
1FFC00
300600
300600
FC1F80
FC1F80
000000
000000
000000
000000
000000
000000
000000
000000
#0043.29.16.1.21.15.
0000
0000
0000
0000
0000
0000
0FD8
1FF8
3838
6018
E018
C000
C000
C000
C000
C000
C000
6018
7038
3FF0
0FC0
0000
0000
0000
0000
0000
0000
0000
0000
#0044.29.16.0.21.15.
0000
0000
0000
0000
0000
0000
FFC0
FFF0
3070
3018
301C
300C
300C
300C
300C
300C
300C
3018
3038
FFF0
FFC0
0000
0000
0000
0000
0000
0000
0000
0000
#0045.29.16.0.21.15.
0000
0000
0000
0000
0000
0000
FFFC
FFFC
300C
300C
318C
3180
3F80
3F80
3180
3180
300C
300C
300C
FFFC
FFFC
0000
0000
0000
0000
0000
0000
0000
0000
#0047.29.16.1.21.15.
0000
0000
0000
0000
0000
0000
07D8
1FF8
3838
6038
6018
C000
C000
C000
C3FC
C3FC
C018
6018
7038
3FF8
0FE0
0000
0000
0000
0000
0000
0000
0000
0000
#0049.29.24.3.21.15.
000000
000000
000000
000000
000000
000000
FFC000
FFC000
0C0000
0C0000
0C0000
0C0000
0C0000
0C0000
0C0000
0C0000
0C0000
0C0000
0C0000
FFC000
FFC000
000000
000000
000000
000000
000000
000000
000000
000000
#004D.29.24.-1.21.15.
000000
000000
000000
000000
000000
000000
F00780
F00780
380E00
380E00
3C1E00
363600
363600
336600
336600
31C600
31C600
308600
300600
FE3F80
FE3F80
000000
000000
000000
000000
000000
000000
000000
000000
#004E.29.16.0.21.15.
0000
0000
0000
0000
0000
0000
E0FE
F0FE
3818
3C18
3C18
3618
3718
3398
31D8
30D8
3078
3078
3038
FE18
FE08
0000
0000
0000
0000
0000
0000
0000
0000
#004F.29.16.1.21.15.
0000
0000
0000
0000
0000
0000
0F80
1FC0
38E0
6030
6030
C018
C018
C018
C018
C018
6030
6030
38E0
1FC0
0F80
0000
0000
0000
0000
0000
0000
0000
0000
#0050.29.16.1.21.15.
0000
0000
0000
0000
0000
0000
FFC0
FFF0
3030
3018
3018
3018
3018
3030
3FF0
3FC0
3000
3000
3000
FF80
FF80
0000
0000
0000
0000
0000
0000
0000
0000
#0052.29.24.0.21.15.
000000
000000
000000
000000
000000
000000
FFC000
FFF000
303800
301800
301800
303800
307000
3FE000
3FC000
30E000
307000
303800
301C00
FE0F00
FE0700
000000
000000
000000
000000
000000
000000
000000
000000
#0053.29.24.2.21.15.
000000
000000
000000
000000
000000
000000
0F6000
3FE000
70E000
606000
606000
700000
3C0000
1F8000
07C000
00E000
C06000
C06000
E0E000
FFC000
DF0000
000000
000000
000000
000000
000000
000000
000000
000000
#0054.29.16.1.21.15.
0000
0000
0000
0000
0000
0000
FFF0
FFF0
C630
C630
C630
C630
0600
0600
0600
0600
0600
0600
0600
3FC0
3FC0
0000
0000
0000
0000
0000
0000
0000
0000
#0055.29.16.0.21.15.
0000
0000
0000
0000
0000
0000
FC7E
FC7E
3018
3018
3018
3018
3018
3018
3018
3018
3018
3838
1C70
0FE0
07C0
0000
0000
0000
0000
0000
0000
0000
0000
^FXABCDEGILNOPRSTUV
^ID51097KZS.FNT
~DB51097KZS.FNT,N,31,24,23,17,16,Courier New,
#0041.31.24.-1.23.17.
000000
000000
000000
000000
000000
000000
000000
1FE000
1FE000
1FF000
01F000
03B800
03B800
071C00
071C00
0FFE00
0FFE00
1FFF00
1C0700
380380
FF1FE0
FF1FE0
FF1FE0
000000
000000
000000
000000
000000
000000
000000
000000
#0042.31.24.1.23.17.
000000
000000
000000
000000
000000
000000
000000
FFE000
FFF800
FFFC00
383C00
381C00
383C00
3FF800
3FF800
3FFC00
381E00
380E00
380E00
380E00
FFFE00
FFFC00
FFF000
000000
000000
000000
000000
000000
000000
000000
000000
#0043.31.24.1.23.17.
000000
000000
000000
000000
000000
000000
000000
07EE00
1FFE00
3FFE00
7C1E00
700E00
E00E00
E00000
E00000
E00000
E00000
E00000
F00600
7C1E00
3FFE00
1FFC00
07F000
000000
000000
000000
000000
000000
000000
000000
000000
#0044.31.24.0.23.17.
000000
000000
000000
000000
000000
000000
000000
FFE000
FFF800
FFFC00
381E00
380E00
380F00
380700
380700
380700
380700
380700
380F00
381E00
FFFC00
FFF800
FFE000
000000
000000
000000
000000
000000
000000
000000
000000
#0045.31.24.1.23.17.
000000
000000
000000
000000
000000
000000
000000
FFFC00
FFFC00
FFFC00
381C00
39DC00
39DC00
3FC000
3FC000
3FC000
39C000
39CE00
380E00
380E00
FFFE00
FFFE00
FFFE00
000000
000000
000000
000000
000000
000000
000000
000000
#0047.31.24.1.23.17.
000000
000000
000000
000000
000000
000000
000000
07EE00
1FFE00
3FFE00
781E00
701E00
E00E00
E00000
E1FF00
E1FF00
E1FF00
E00E00
F00E00
781E00
3FFE00
1FFC00
07F000
000000
000000
000000
000000
000000
000000
000000
000000
#0049.31.24.2.23.17.
000000
000000
000000
000000
000000
000000
000000
FFF800
FFF800
FFF800
070000
070000
070000
070000
070000
070000
070000
070000
070000
070000
FFF800
FFF800
FFF800
000000
000000
000000
000000
000000
000000
000000
000000
#004C.31.24.0.23.17.
000000
000000
000000
000000
000000
000000
000000
FFE000
FFE000
FFE000
0E0000
0E0000
0E0000
0E0000
0E0000
0E0700
0E0700
0E0700
0E0700
0E0700
FFFF00
FFFF00
FFFF00
000000
000000
000000
000000
000000
000000
000000
000000
#004E.31.24.0.23.17.
000000
000000
000000
000000
000000
000000
000000
F07F80
F87F80
FC7F80
3E0E00
3E0E00
3F0E00
3B8E00
39CE00
38CE00
38EE00
387E00
383E00
381E00
FF1E00
FF0E00
FF0600
000000
000000
000000
000000
000000
000000
000000
000000
#004F.31.24.1.23.17.
000000
000000
000000
000000
000000
000000
000000
07C000
1FF000
3FF800
7C7C00
701C00
F01E00
E00E00
E00E00
E00E00
E00E00
F01E00
701C00
7C7C00
3FF800
1FF000
07C000
000000
000000
000000
000000
000000
000000
000000
000000
#0050.31.24.2.23.17.
000000
000000
000000
000000
000000
000000
000000
FFE000
FFF800
FFF800
383C00
381C00
381C00
383C00
3FF800
3FF000
3FC000
380000
380000
380000
FFC000
FFC000
FFC000
000000
000000
000000
000000
000000
000000
000000
000000
#0052.31.24.1.23.17.
000000
000000
000000
000000
000000
000000
000000
FFE000
FFF800
FFF800
383C00
381C00
381C00
383C00
3FF800
3FF000
3FF000
387800
383C00
381C00
FF1F80
FF0F80
FF0780
000000
000000
000000
000000
000000
000000
000000
000000
#0053.31.24.2.23.17.
000000
000000
000000
000000
000000
000000
000000
0F7000
3FF000
3FF000
78F000
707000
703000
3C0000
3FC000
0FF000
00F000
C03800
E03800
F07800
FFF000
FFF000
EFC000
000000
000000
000000
000000
000000
000000
000000
000000
#0054.31.24.1.23.17.
000000
000000
000000
000000
000000
000000
000000
FFFE00
FFFE00
FFFE00
E38E00
E38E00
E38E00
E38E00
E38E00
038000
038000
038000
038000
038000
3FF800
3FF800
3FF800
000000
000000
000000
000000
000000
000000
000000
000000
#0055.31.24.0.23.17.
000000
000000
000000
000000
000000
000000
000000
FE3F80
FE3F80
FE3F80
380E00
380E00
380E00
380E00
380E00
380E00
380E00
380E00
380E00
3E3E00
1FFC00
0FF800
03E000
000000
000000
000000
000000
000000
000000
000000
000000
#0056.31.24.-1.23.17.
000000
000000
000000
000000
000000
000000
000000
FF1FE0
FF1FE0
FF1FE0
1C0700
1C0700
1E0F00
0E0E00
0E0E00
071C00
071C00
03B800
03B800
01F000
01F000
00E000
00E000
000000
000000
000000
000000
000000
000000
000000
000000
^FX"',-./0123456789:@ACDEGILNOTU\
^IDY0097KZS.FNT
~DBY0097KZS.FNT,N,27,16,20,14,30,Courier New,
#0022.27.24.3.20.14.
000000
000000
000000
000000
000000
000000
E70000
E70000
E70000
420000
420000
420000
420000
000000
000000
000000
000000
000000
000000
000000
000000
000000
000000
000000
000000
000000
000000
#0027.27.40.5.20.14.
0000000000
0000000000
0000000000
0000000000
0000000000
0000000000
E000000000
E000000000
E000000000
4000000000
4000000000
4000000000
4000000000
0000000000
0000000000
0000000000
0000000000
0000000000
0000000000
0000000000
0000000000
0000000000
0000000000
0000000000
0000000000
0000000000
0000000000
#002C.27.32.5.20.14.
00000000
00000000
00000000
00000000
00000000
00000000
00000000
00000000
00000000
00000000
00000000
00000000
00000000
00000000
00000000
00000000
00000000
38000000
30000000
70000000
60000000
60000000
C0000000
C0000000
00000000
00000000
00000000
#002D.27.24.2.20.14.
000000
000000
000000
000000
000000
000000
000000
000000
000000
000000
000000
000000
000000
FFC000
FFC000
000000
000000
000000
000000
000000
000000
000000
000000
000000
000000
000000
000000
#002E.27.40.5.20.14.
0000000000
0000000000
0000000000
0000000000
0000000000
0000000000
0000000000
0000000000
0000000000
0000000000
0000000000
0000000000
0000000000
0000000000
0000000000
0000000000
0000000000
E000000000
E000000000
E000000000
0000000000
0000000000
0000000000
0000000000
0000000000
0000000000
0000000000
#002F.27.24.2.20.14.
000000
000000
000000
000000
00C000
00C000
018000
018000
038000
030000
070000
060000
0E0000
0C0000
1C0000
180000
380000
300000
700000
600000
600000
C00000
C00000
000000
000000
000000
000000
#0030.27.24.2.20.14.
000000
000000
000000
000000
000000
1E0000
3F0000
618000
618000
C0C000
C0C000
C0C000
C0C000
C0C000
C0C000
C0C000
618000
618000
3F0000
1E0000
000000
000000
000000
000000
000000
000000
000000
#0031.27.24.2.20.14.
000000
000000
000000
000000
000000
040000
3C0000
FC0000
EC0000
0C0000
0C0000
0C0000
0C0000
0C0000
0C0000
0C0000
0C0000
0C0000
FFC000
FFC000
000000
000000
000000
000000
000000
000000
000000
#0032.27.16.1.20.14.
0000
0000
0000
0000
0000
1F00
7FC0
E0C0
C060
C060
0060
00C0
0180
0700
0E00
1C00
3000
6000
FFE0
FFE0
0000
0000
0000
0000
0000
0000
0000
#0033.27.24.2.20.14.
000000
000000
000000
000000
000000
1F0000
7F8000
61C000
00C000
00C000
01C000
0F8000
0F8000
01C000
00C000
00C000
00C000
C1C000
FF8000
7E0000
000000
000000
000000
000000
000000
000000
000000
#0034.27.24.2.20.14.
000000
000000
000000
000000
000000
070000
070000
0F0000
0F0000
1B0000
3B0000
330000
630000
630000
C30000
FFC000
FFC000
030000
1FC000
1FC000
000000
000000
000000
000000
000000
000000
000000
#0035.27.16.1.20.14.
0000
0000
0000
0000
0000
7FC0
7FC0
6000
6000
6000
6F00
7FC0
70C0
0060
0060
0060
0060
C0C0
FFC0
3F00
0000
0000
0000
0000
0000
0000
0000
#0036.27.24.2.20.14.
000000
000000
000000
000000
000000
07C000
1FC000
380000
700000
600000
C00000
DE0000
FF8000
E18000
C0C000
C0C000
C0C000
61C000
7F8000
1F0000
000000
000000
000000
000000
000000
000000
000000
#0037.27.24.2.20.14.
000000
000000
000000
000000
000000
FFC000
FFC000
C0C000
C1C000
018000
018000
038000
030000
030000
070000
060000
060000
0E0000
0C0000
0C0000
000000
000000
000000
000000
000000
000000
000000
#0038.27.24.2.20.14.
000000
000000
000000
000000
000000
3F0000
7F8000
E1C000
C0C000
C0C000
618000
3F0000
3F0000
618000
C0C000
C0C000
C0C000
E1C000
7F8000
3F0000
000000
000000
000000
000000
000000
000000
000000
#0039.27.24.2.20.14.
000000
000000
000000
000000
000000
3E0000
7F8000
E18000
C0C000
C0C000
C0C000
61C000
7FC000
1EC000
00C000
018000
038000
070000
FE0000
F80000
000000
000000
000000
000000
000000
000000
000000
#003A.27.40.5.20.14.
0000000000
0000000000
0000000000
0000000000
0000000000
0000000000
0000000000
0000000000
0000000000
0000000000
E000000000
E000000000
E000000000
0000000000
0000000000
0000000000
0000000000
E000000000
E000000000
E000000000
0000000000
0000000000
0000000000
0000000000
0000000000
0000000000
0000000000
#0040.27.24.2.20.14.
000000
000000
000000
000000
000000
000000
1E0000
3F0000
718000
E78000
CF8000
DD8000
D98000
D98000
D98000
CF8000
C78000
C00000
E00000
718000
3F8000
1F0000
000000
000000
000000
000000
000000
#0041.27.24.-1.20.14.
000000
000000
000000
000000
000000
000000
0F8000
0FC000
01C000
036000
036000
066000
063000
0C3000
0FF800
1FF800
180C00
300C00
FE3F00
FE3F00
000000
000000
000000
000000
000000
000000
000000
#0043.27.16.1.20.14.
0000
0000
0000
0000
0000
0000
0FB0
3FF0
7070
6030
C030
C000
C000
C000
C000
C000
6030
7070
3FE0
0FC0
0000
0000
0000
0000
0000
0000
0000
#0044.27.16.0.20.14.
0000
0000
0000
0000
0000
0000
FF80
FFE0
3070
3030
3018
3018
3018
3018
3018
3018
3030
3070
FFE0
FFC0
0000
0000
0000
0000
0000
0000
0000
#0045.27.16.0.20.14.
0000
0000
0000
0000
0000
0000
FFF0
FFF0
3030
3030
3330
3300
3F00
3F00
3300
3330
3030
3030
FFF0
FFF0
0000
0000
0000
0000
0000
0000
0000
#0047.27.16.1.20.14.
0000
0000
0000
0000
0000
0000
0FB0
3FF0
7070
6030
C030
C000
C000
C3F8
C3F8
C030
E030
7030
3FF0
0FC0
0000
0000
0000
0000
0000
0000
0000
#0049.27.24.2.20.14.
000000
000000
000000
000000
000000
000000
FFC000
FFC000
0C0000
0C0000
0C0000
0C0000
0C0000
0C0000
0C0000
0C0000
0C0000
0C0000
FFC000
FFC000
000000
000000
000000
000000
000000
000000
000000
#004C.27.16.0.20.14.
0000
0000
0000
0000
0000
0000
FF00
FF00
1800
1800
1800
1800
1800
1800
1818
1818
1818
1818
FFF8
FFF8
0000
0000
0000
0000
0000
0000
0000
#004E.27.16.0.20.14.
0000
0000
0000
0000
0000
0000
F1FC
F1FC
3830
3C30
3E30
3630
3730
33B0
31B0
31F0
30F0
3070
FE30
FE30
0000
0000
0000
0000
0000
0000
0000
#004F.27.16.1.20.14.
0000
0000
0000
0000
0000
0000
0F00
3FC0
70E0
6060
E070
C030
C030
C030
C030
E070
6060
70E0
3FC0
0F00
0000
0000
0000
0000
0000
0000
0000
#0054.27.16.1.20.14.
0000
0000
0000
0000
0000
0000
FFF0
FFF0
C630
C630
C630
C630
0600
0600
0600
0600
0600
0600
3FC0
3FC0
0000
0000
0000
0000
0000
0000
0000
#0055.27.16.1.20.14.
0000
0000
0000
0000
0000
0000
F0F0
F0F0
6060
6060
6060
6060
6060
6060
6060
6060
6060
30C0
3FC0
0F00
0000
0000
0000
0000
0000
0000
0000
#005C.27.16.1.20.14.
0000
0000
0000
0000
C000
C000
6000
6000
3000
3000
1800
1C00
0C00
0E00
0600
0300
0300
0180
0180
00C0
00C0
0060
0060
0000
0000
0000
0000
^XA
^PR10 
^LH0,0^FS
^LL1178
^MD0
^MNY
^LH0,0^FS
^CWI,510S8_S2.FNT^FS
^FO44,76^AIN,29,0^CI0^FR^FDNro O/C^FS
^CWJ,M10MMMPA.FNT^FS
^FO170,68^AJN,40,0^CI0^FR^FDVBORDENCOMPRA^FS
^CWK,91097KZS.FNT^FS
^FO46,148^AKN,31,0^CI0^FR^FDPROV:^FS
^CWK,91097KZS.FNT^FS
^FO46,180^AKN,31,0^CI0^FR^FDGUIA PROV:^FS
^CWK,91097KZS.FNT^FS
^FO48,214^AKN,31,0^CI0^FR^FDNRO BULTO:^FS
^CWK,91097KZS.FNT^FS
^FO46,244^AKN,31,0^CI0^FR^FDOBS:^FS
^BY2,3.0^FO146,883^B3N,N,79,Y,N^FR^FDVBCODIGOBARRA^FS
^CWK,91097KZS.FNT^FS
^FO583,146^AKN,31,0^CI0^FR^FDCANT:^FS
^CWK,91097KZS.FNT^FS
^FO587,176^AKN,31,0^CI0^FR^FDPESO:^FS
^CWL,X0097KZS.FNT^FS
^FO566,571^ALN,23,0^CI0^FR^FDCANT10.^FS
^CWL,X0097KZS.FNT^FS
^FO486,571^ALN,23,0^CI0^FR^FDUNID10.^FS
^CWL,X0097KZS.FNT^FS
^FO144,573^ALN,23,0^CI0^FR^FDLINEA10.^FS
^CWL,X0097KZS.FNT^FS
^FO36,573^ALN,23,0^CI0^FR^FDITEM_10.^FS
^CWL,X0097KZS.FNT^FS
^FO651,544^ALN,23,0^CI0^FR^FDCODIGO9.^FS
^CWL,X0097KZS.FNT^FS
^FO566,544^ALN,23,0^CI0^FR^FDCANT9.^FS
^CWL,X0097KZS.FNT^FS
^FO486,544^ALN,23,0^CI0^FR^FDUNID9.^FS
^CWL,X0097KZS.FNT^FS
^FO144,544^ALN,23,0^CI0^FR^FDLINEA9.^FS
^CWL,X0097KZS.FNT^FS
^FO36,546^ALN,23,0^CI0^FR^FDITEM_9.^FS
^CWL,X0097KZS.FNT^FS
^FO34,809^ALN,23,0^CI0^FR^FDITEM_19.^FS
^CWM,11097KZS.FNT^FS
^FO42,292^AMN,27,0^CI0^FR^FDITEM^FS
^CWL,X0097KZS.FNT^FS
^FO142,809^ALN,23,0^CI0^FR^FDLINEA19.^FS
^CWL,X0097KZS.FNT^FS
^FO484,809^ALN,23,0^CI0^FR^FDUNID19.^FS
^CWL,X0097KZS.FNT^FS
^FO564,807^ALN,23,0^CI0^FR^FDCANT19.^FS
^CWL,X0097KZS.FNT^FS
^FO649,807^ALN,23,0^CI0^FR^FDCODIGO19.^FS
^CWL,X0097KZS.FNT^FS
^FO34,835^ALN,23,0^CI0^FR^FDITEM_20.^FS
^CWL,X0097KZS.FNT^FS
^FO142,833^ALN,23,0^CI0^FR^FDLINEA20.^FS
^CWL,X0097KZS.FNT^FS
^FO484,837^ALN,23,0^CI0^FR^FDUNID20.^FS
^CWL,X0097KZS.FNT^FS
^FO564,835^ALN,23,0^CI0^FR^FDCANT20.^FS
^CWL,X0097KZS.FNT^FS
^FO649,835^ALN,23,0^CI0^FR^FDCODIGO20.^FS
^CWL,X0097KZS.FNT^FS
^FO649,783^ALN,23,0^CI0^FR^FDCODIGO18.^FS
^CWM,11097KZS.FNT^FS
^FO218,292^AMN,27,0^CI0^FR^FDDESCRIPCION^FS
^CWL,X0097KZS.FNT^FS
^FO566,783^ALN,23,0^CI0^FR^FDCANT18.^FS
^CWL,X0097KZS.FNT^FS
^FO486,783^ALN,23,0^CI0^FR^FDUNID18.^FS
^CWL,X0097KZS.FNT^FS
^FO144,785^ALN,23,0^CI0^FR^FDLINEA18.^FS
^CWL,X0097KZS.FNT^FS
^FO36,785^ALN,23,0^CI0^FR^FDITEM_18.^FS
^CWL,X0097KZS.FNT^FS
^FO649,755^ALN,23,0^CI0^FR^FDCODIGO17.^FS
^CWL,X0097KZS.FNT^FS
^FO566,755^ALN,23,0^CI0^FR^FDCANT17.^FS
^CWL,X0097KZS.FNT^FS
^FO486,755^ALN,23,0^CI0^FR^FDUNID17.^FS
^CWL,X0097KZS.FNT^FS
^FO144,755^ALN,23,0^CI0^FR^FDLINEA17.^FS
^CWL,X0097KZS.FNT^FS
^FO34,757^ALN,23,0^CI0^FR^FDITEM_17.^FS
^CWM,11097KZS.FNT^FS
^FO667,292^AMN,27,0^CI0^FR^FDCODIGO^FS
^CWM,11097KZS.FNT^FS
^FO573,292^AMN,27,0^CI0^FR^FDCANT^FS
^CWM,11097KZS.FNT^FS
^FO492,292^AMN,27,0^CI0^FR^FDUNID^FS
^CWN,51097KZS.FNT^FS
^FO140,148^ANN,29,0^CI0^FR^FDVBPROVEEDOR^FS
^CWN,51097KZS.FNT^FS
^FO230,182^ANN,29,0^CI0^FR^FDVBGUIA^FS
^CWN,51097KZS.FNT^FS
^FO230,216^ANN,29,0^CI0^FR^FDVBBULTO^FS
^CWN,51097KZS.FNT^FS
^FO120,246^ANN,29,0^CI0^FR^FDVBOBSERVACIONES^FS
^CWN,51097KZS.FNT^FS
^FO675,178^ANN,29,0^CI0^FR^FDVBPESO^FS
^CWN,51097KZS.FNT^FS
^FO677,148^ANN,29,0^CI0^FR^FDVBCANT^FS
^CWL,X0097KZS.FNT^FS
^FO36,334^ALN,23,0^CI0^FR^FDITEM_1.^FS
^CWO,Y0097KZS.FNT^FS
^FO144,332^AON,24,0^CI0^FR^FDLINEA1.^FS
^CWO,Y0097KZS.FNT^FS
^FO486,332^AON,24,0^CI0^FR^FDUNID1.^FS
^CWO,Y0097KZS.FNT^FS
^FO566,332^AON,24,0^CI0^FR^FDCANT1.^FS
^CWO,Y0097KZS.FNT^FS
^FO651,332^AON,24,0^CI0^FR^FDCODIGO1.^FS
^CWL,X0097KZS.FNT^FS
^FO36,362^ALN,23,0^CI0^FR^FDITEM_2.^FS
^CWO,Y0097KZS.FNT^FS
^FO144,362^AON,24,0^CI0^FR^FDLINEA2.^FS
^CWL,X0097KZS.FNT^FS
^FO486,360^ALN,23,0^CI0^FR^FDUNID2.^FS
^CWO,Y0097KZS.FNT^FS
^FO566,360^AON,24,0^CI0^FR^FDCANT2.^FS
^CWO,Y0097KZS.FNT^FS
^FO651,360^AON,24,0^CI0^FR^FDCODIGO2.^FS
^CWL,X0097KZS.FNT^FS
^FO649,412^ALN,23,0^CI0^FR^FDCODIGO4.^FS
^CWL,X0097KZS.FNT^FS
^FO566,412^ALN,23,0^CI0^FR^FDCANT4.^FS
^CWL,X0097KZS.FNT^FS
^FO486,414^ALN,23,0^CI0^FR^FDUNID4.^FS
^CWL,X0097KZS.FNT^FS
^FO144,410^ALN,23,0^CI0^FR^FDLINEA4.^FS
^CWL,X0097KZS.FNT^FS
^FO36,412^ALN,23,0^CI0^FR^FDITEM_4.^FS
^CWL,X0097KZS.FNT^FS
^FO649,384^ALN,23,0^CI0^FR^FDCODIGO3.^FS
^CWL,X0097KZS.FNT^FS
^FO566,384^ALN,23,0^CI0^FR^FDCANT3.^FS
^CWL,X0097KZS.FNT^FS
^FO486,386^ALN,23,0^CI0^FR^FDUNID3.^FS
^CWL,X0097KZS.FNT^FS
^FO144,386^ALN,23,0^CI0^FR^FDLINEA3.^FS
^CWL,X0097KZS.FNT^FS
^FO34,386^ALN,23,0^CI0^FR^FDITEM_3.^FS
^CWL,X0097KZS.FNT^FS
^FO34,492^ALN,23,0^CI0^FR^FDITEM_7.^FS
^CWL,X0097KZS.FNT^FS
^FO142,492^ALN,23,0^CI0^FR^FDLINEA7.^FS
^CWL,X0097KZS.FNT^FS
^FO484,492^ALN,23,0^CI0^FR^FDUNID7.^FS
^CWL,X0097KZS.FNT^FS
^FO564,490^ALN,23,0^CI0^FR^FDCANT7.^FS
^CWL,X0097KZS.FNT^FS
^FO649,490^ALN,23,0^CI0^FR^FDCODIGO7.^FS
^CWL,X0097KZS.FNT^FS
^FO34,520^ALN,23,0^CI0^FR^FDITEM_8.^FS
^CWL,X0097KZS.FNT^FS
^FO142,520^ALN,23,0^CI0^FR^FDLINEA8.^FS
^CWL,X0097KZS.FNT^FS
^FO484,520^ALN,23,0^CI0^FR^FDUNID8.^FS
^CWL,X0097KZS.FNT^FS
^FO564,518^ALN,23,0^CI0^FR^FDCANT8.^FS
^CWL,X0097KZS.FNT^FS
^FO649,518^ALN,23,0^CI0^FR^FDCODIGO8.^FS
^CWL,X0097KZS.FNT^FS
^FO649,466^ALN,23,0^CI0^FR^FDCODIGO6.^FS
^CWL,X0097KZS.FNT^FS
^FO566,466^ALN,23,0^CI0^FR^FDCANT6.^FS
^CWL,X0097KZS.FNT^FS
^FO486,466^ALN,23,0^CI0^FR^FDUNID6.^FS
^CWL,X0097KZS.FNT^FS
^FO144,464^ALN,23,0^CI0^FR^FDLINEA6.^FS
^CWL,X0097KZS.FNT^FS
^FO36,466^ALN,23,0^CI0^FR^FDITEM_6.^FS
^CWL,X0097KZS.FNT^FS
^FO649,438^ALN,23,0^CI0^FR^FDCODIGO5.^FS
^CWL,X0097KZS.FNT^FS
^FO566,438^ALN,23,0^CI0^FR^FDCANT5.^FS
^CWL,X0097KZS.FNT^FS
^FO486,438^ALN,23,0^CI0^FR^FDUNID5.^FS
^CWL,X0097KZS.FNT^FS
^FO144,438^ALN,23,0^CI0^FR^FDLINEA5.^FS
^CWL,X0097KZS.FNT^FS
^FO34,440^ALN,23,0^CI0^FR^FDITEM_5.^FS
^CWL,X0097KZS.FNT^FS
^FO34,651^ALN,23,0^CI0^FR^FDITEM_13.^FS
^CWL,X0097KZS.FNT^FS
^FO140,649^ALN,23,0^CI0^FR^FDLINEA13.^FS
^CWL,X0097KZS.FNT^FS
^FO486,649^ALN,23,0^CI0^FR^FDUNID13.^FS
^CWL,X0097KZS.FNT^FS
^FO566,649^ALN,23,0^CI0^FR^FDCANT13.^FS
^CWL,X0097KZS.FNT^FS
^FO649,649^ALN,23,0^CI0^FR^FDCODIGO13.^FS
^CWL,X0097KZS.FNT^FS
^FO36,677^ALN,23,0^CI0^FR^FDITEM_14.^FS
^CWL,X0097KZS.FNT^FS
^FO140,675^ALN,23,0^CI0^FR^FDLINEA14.^FS
^CWL,X0097KZS.FNT^FS
^FO486,677^ALN,23,0^CI0^FR^FDUNID14.^FS
^CWL,X0097KZS.FNT^FS
^FO566,677^ALN,23,0^CI0^FR^FDCANT14.^FS
^CWL,X0097KZS.FNT^FS
^FO649,677^ALN,23,0^CI0^FR^FDCODIGO14.^FS
^CWL,X0097KZS.FNT^FS
^FO649,729^ALN,23,0^CI0^FR^FDCODIGO16.^FS
^CWL,X0097KZS.FNT^FS
^FO564,729^ALN,23,0^CI0^FR^FDCANT16.^FS
^CWL,X0097KZS.FNT^FS
^FO484,731^ALN,23,0^CI0^FR^FDUNID16.^FS
^CWL,X0097KZS.FNT^FS
^FO142,731^ALN,23,0^CI0^FR^FDLINEA16.^FS
^CWL,X0097KZS.FNT^FS
^FO34,731^ALN,23,0^CI0^FR^FDITEM_16.^FS
^CWL,X0097KZS.FNT^FS
^FO649,701^ALN,23,0^CI0^FR^FDCODIGO15.^FS
^CWL,X0097KZS.FNT^FS
^FO564,701^ALN,23,0^CI0^FR^FDCANT15.^FS
^CWL,X0097KZS.FNT^FS
^FO484,703^ALN,23,0^CI0^FR^FDUNID15.^FS
^CWL,X0097KZS.FNT^FS
^FO142,703^ALN,23,0^CI0^FR^FDLINEA15.^FS
^CWL,X0097KZS.FNT^FS
^FO34,703^ALN,23,0^CI0^FR^FDITEM_15.^FS
^CWL,X0097KZS.FNT^FS
^FO34,597^ALN,23,0^CI0^FR^FDITEM_11.^FS
^CWL,X0097KZS.FNT^FS
^FO142,599^ALN,23,0^CI0^FR^FDLINEA11.^FS
^CWL,X0097KZS.FNT^FS
^FO486,597^ALN,23,0^CI0^FR^FDUNID11.^FS
^CWL,X0097KZS.FNT^FS
^FO566,595^ALN,23,0^CI0^FR^FDCANT11.^FS
^CWL,X0097KZS.FNT^FS
^FO649,595^ALN,23,0^CI0^FR^FDCODIGO11.^FS
^CWL,X0097KZS.FNT^FS
^FO32,623^ALN,23,0^CI0^FR^FDITEM_12.^FS
^CWL,X0097KZS.FNT^FS
^FO144,621^ALN,23,0^CI0^FR^FDLINEA12.^FS
^CWL,X0097KZS.FNT^FS
^FO486,625^ALN,23,0^CI0^FR^FDUNID12.^FS
^CWL,X0097KZS.FNT^FS
^FO566,623^ALN,23,0^CI0^FR^FDCANT12.^FS
^CWL,X0097KZS.FNT^FS
^FO649,623^ALN,23,0^CI0^FR^FDCODIGO12.^FS
^CWL,X0097KZS.FNT^FS
^FO651,571^ALN,23,0^CI0^FR^FDCODIGO10.^FS
^FO30,284^GB751,0,3^FS
^FO26,324^GB757,0,3^FS
^PQ1,0,0,N
^XZ
^FX End of job
^XA
^IDR:ID*.*
^XZ
