
^FX Precompiled file for C:\abblogo.bmp width (pixels)=152 height (pixels)=63^FS
^FX Scale factors: xf=1.481 yf=1.871 orientation=0 scaled width (bytes)=29 scaled height (bytes)=118^FS
~DGUQURDabb,3422,29,
N0HFC7HFEN03KFE3HF8L03LF1HF8,
:
M01HFC7HFEN03KFE3IF8K03LF1IF8,
:
M01HFC7HFEN03KFE3JFK03LF1JF,
:
M01HFC7IFN03KFE3JFEJ03LF1JFE,
M07HFC7IFN03KFE3KF8I03LF1KF8,
:
M07HFC7IFN03KFE3KFCI03LF1KFC,
:
M07HFC7IFCM03KFE3KFCI03LF1KFC,
:
M0IFC7IFCM03KFE3LFI03LF1LF,
:
:
:
M0IFC7IFEM03KFE3LFI03LF1LF8,
:
L03IFC7IFEM03KFE3LF8H03LF1LF8,
:
:
L03IFC7JF8L03KFE3LF8H03LF1LF8,
:
L07IFC7JF8L03KFE3LF8H03LF1LF8,
:
:
:
K01JFC7JFCL03KFE3LF8H03LF1LF8,
:
:
:
:
:
K03JFC7KFL03KFE3LFI03LF1LF,
:
:
K03JFC7KF8K03KFE3KFCI03LF1KFC,
:
K0KFC7KF8K03KFE3KFCI03LF1KFC,
:
K0KFC7KF8K03KFE3KF8I03LF1KF8,
:
K0KFC7KFEK03KFE3JFEJ03LF1JFE,
:
J01KFC7KFEK03KFE3JFCJ03LF1JFC,
:
J01KFC7KFEK03KFE3JFK03LF1JF,
:
J01KFC7LFK03KFE3JFEJ03LF1JFC,
:
J07LF7LFK03KFE3KF8I03LF1JFE,
J07LF7LFK03KFE3KFCI03LF1KF8,
:
,
:
:
:
J0MF7LFCJ03KFE3LFEH03LF1LF8,
:
I03MF7LFEJ03KFE3MFH03LF1LFE,
:
I03MF7LFEJ03KFE3MFH03LF1MF,
:
I03MF7LFEJ03KFE3MFC03LF1MF,
I03MF7MF8I03KFE3MFC03LF1MFC,
:
I07MF7MF8I03KFE3MFC03LF1MFC,
:
I07MF7MF8I03KFE3MFE03LF1MFC,
:
I07MF7MFCI03KFE3MFE03LF1MFE,
:
H01NF7MFCI03KFE3MFE03LF1MFE,
:
H01NF7NFI03KFE3MFE03LF1MFE,
:
:
:
H03NF7NFI03KFE3MFE03LF1MFE,
:
:
H0OF7NF8H03KFE3MFE03LF1MFE,
:
:
:
:
:
01LF07C7NFCH03KFE3MFE03LF1MFC,
:
01KF8M03JFCH03KFE3MFC03LF1MFC,
:
01KFN03JFCH03KFE3MFC03LF1MFC,
:
07KFN03KFH03KFE3MFH03LF1MF,
07KFN01KFH03KFE3MFH03LF1MF,
:
07JFCN01KF803KFE3LFEH03LF1LFE,
:
0KFCN01KF803KFE3LF8H03LF1LF8,
:
0KF8O07JF803KFE3LFI03LF1LF,
:
0KF8O07JFE03KFE3KFCI03LF1KFC,
:
3KF8O07JFE03KFE3KF8I03LF1KF8,
:
3JFEP03JFE03KFE3JFCJ03LF1JFE,
:
3JFEP03KF03KFE3IFEK03LF1JF,
7JFEP03KF03KFE3FEM03LF1HFC,
:
,
:
:
:
:
:
^XA
^PR10 
^LH0,0^FS
^LL1215
^MD0
^MNY
^LH0,0^FS
^FO24,14^FR^XGUQURDabb,1,1^FS
^FO312,43^A0N,54,47^CI13^FR^FDVBCODIGOMERCADERIA^FS
^FO83,179^A0N,45,45^CI13^FR^FDVBMERCADERIA^FS
^FO531,409^A0N,24,21^CI13^FR^FDMEDIDA^FS
^BY2,3.0^FO37,256^B3N,N,183,Y,N^FR^FDVBCODIGOBARRA^FS
^FO531,315^A0N,24,21^CI13^FR^FDFECHA :^FS
^FO531,359^A0N,24,21^CI13^FR^FDHORA :^FS
^FO528,262^A0N,31,28^CI13^FR^FDVBUSUARIO^FS
^FO611,406^A0N,30,25^CI13^FR^FDVBMEDIDA^FS
^FO603,358^A0N,30,25^CI13^FR^FDVBHORA^FS
^FO606,310^A0N,30,25^CI13^FR^FDVBFECHA^FS
^PQ1,0,0,N
^XZ
^FX End of job
^XA
^IDR:ID*.*
^XZ
