
^FX Precompiled file for C:\RANSA.bmp width (pixels)=96 height (pixels)=41^FS
^FX Scale factors: xf=2.845 yf=2.453 orientation=0 scaled width (bytes)=35 scaled height (bytes)=101^FS
~DGZ2J$CRAN,3535,35,
,
:
:
:
:
:
:
:
:
:
L0gFC,
:
K07gFC,
:
:
J03gGFC,
:
I01gHFC,
:
:
I01gGFE,
:
:
:
:
I0gHFE,
:
:
:
:
:
:
I0JF8K0RFE,
:
I0JF8M07OF8,
:
:
I0IFEO0OF8,
:
H03IFEO03NF8,
:
:
:
:
H03IFEI07F8I03NF8,
:
:
H03IFEI07HFJ07LFC,
:
H03IFJ07HFJ07LFC,
:
:
:
:
01JFI03HF8I03MFC,
:
01JFP03MFC03IFEL07F8I0HFJ07FC03IFEJ01HF,
:
:
01JFP0MFE01KFCJ03HF8I0HFEI07EH0JFEJ0IF,
:
01IF8O07MFE01F8H0HF8H01IF8I0HFEI07EH0F8M0IF,
:
:
01IF8N03NFE01F8H0HF8H01F8F8I0IFCH07EH0F8L03E3F,
:
0JF8N03NFE01F8H0HF8H0HF8F8I0IFCH07EH0HFL0303F,
:
:
0JF8H01HFI03NFE01F8H0FCI0FC0F8H07F8HF807EH0HFEJ01F03F,
:
0JF8H01HFJ07MFE01JFEJ0FC0F8H07F81F83FEH03HFCI01F03F,
:
:
0JF8H0IFEI07MFH07JFJ03EH0F8H07E01HF3FEI07HF8H0FC03F,
:
0IFCI0IFEJ0MFH07C01FJ03EH0F8H07EH03IFK0HF8H0FC03F,
:
:
0IFCI0JF8I0MFH07CH03EH01LFH07EH03IFK01FE07KFE,
:
0IFCI0JF8I0MFH07CH03EH01FI0HFH07EI07HFK01F807FC03FE,
:
01HFCI0JF8I03KF8H07CH03FC0HFI0HF03FEI07HF03FH0HF83FEH03FE,
:
:
01HFCH07KFI03JFCH03FCI0FC0FCI0HF03FEJ0HF03JFC03FJ07E,
:
gJ03EJ0FC0EJ01F03FK0F8I0HFEH03FJ07E,
:
:
,
:
:
:
:
:
:
:
:
:
^XA
^PR10 
^LH0,0^FS
^LL1215
^MD0
^MNY
^LH0,0^FS
^FO641,22^A0N,37,33^CI13^FR^FDNRO O/C^FS
^BY2,3.0^FO407,113^B3N,N,21,Y,N^FR^FDVBOCCODBAR^FS
^FO448,62^A0N,46,45^CI13^FR^FDVBORDENCOMPRA^FS
^FO22,187^A0N,24,21^CI13^FR^FDPROVEEDOR:^FS
^FO22,233^A0N,27,21^CI13^FR^FDGUIA PROV:^FS
^FO20,277^A0N,24,21^CI13^FR^FDNRO BULTO:^FS
^FO22,369^A0N,24,21^CI13^FR^FDOBSERVACIONES:^FS
^BY2,3.0^FO158,1071^B3N,N,79,Y,N^FR^FDVBCODIGOBARRA^FS
^FO556,211^A0N,24,21^CI13^FR^FDCANT:^FS
^FO554,265^A0N,24,21^CI13^FR^FDPESO:^FS
^FO566,714^A0N,21,18^CI13^FR^FDCANT10.^FS
^FO486,714^A0N,21,18^CI13^FR^FDUNID10.^FS
^FO144,716^A0N,21,18^CI13^FR^FDLINEA10.^FS
^FO36,716^A0N,21,18^CI13^FR^FDITEM_10.^FS
^FO651,686^A0N,21,18^CI13^FR^FDCODIGO9.^FS
^FO566,686^A0N,21,18^CI13^FR^FDCANT9.^FS
^FO486,686^A0N,21,18^CI13^FR^FDUNID9.^FS
^FO144,686^A0N,21,18^CI13^FR^FDLINEA9.^FS
^FO36,688^A0N,21,18^CI13^FR^FDITEM_9.^FS
^FO29,32^FR^XGZ2J$CRAN,1,1^FS
^FO22,325^A0N,24,21^CI13^FR^FDUBICACION^FS
^FO142,320^A0N,31,28^CI13^FR^FDVBUBICACION^FS
^FO615,314^A0N,31,28^CI13^FR^FDVBZONA^FS
^FO556,319^A0N,24,21^CI13^FR^FDZONA^FS
^FO34,952^A0N,21,18^CI13^FR^FDITEM_19.^FS
^FO42,435^A0N,24,21^CI13^FR^FDITEM^FS
^FO142,952^A0N,21,18^CI13^FR^FDLINEA19.^FS
^FO484,952^A0N,21,18^CI13^FR^FDUNID19.^FS
^FO564,950^A0N,21,18^CI13^FR^FDCANT19.^FS
^FO649,950^A0N,21,18^CI13^FR^FDCODIGO19.^FS
^FO34,978^A0N,21,18^CI13^FR^FDITEM_20.^FS
^FO142,976^A0N,21,18^CI13^FR^FDLINEA20.^FS
^FO484,980^A0N,21,18^CI13^FR^FDUNID20.^FS
^FO564,978^A0N,21,18^CI13^FR^FDCANT20.^FS
^FO649,978^A0N,21,18^CI13^FR^FDCODIGO20.^FS
^FO649,926^A0N,21,18^CI13^FR^FDCODIGO18.^FS
^FO218,435^A0N,24,21^CI13^FR^FDDESCRIPCION^FS
^FO566,926^A0N,21,18^CI13^FR^FDCANT18.^FS
^FO486,926^A0N,21,18^CI13^FR^FDUNID18.^FS
^FO144,928^A0N,21,18^CI13^FR^FDLINEA18.^FS
^FO36,928^A0N,21,18^CI13^FR^FDITEM_18.^FS
^FO649,898^A0N,21,18^CI13^FR^FDCODIGO17.^FS
^FO566,898^A0N,21,18^CI13^FR^FDCANT17.^FS
^FO486,898^A0N,21,18^CI13^FR^FDUNID17.^FS
^FO144,898^A0N,21,18^CI13^FR^FDLINEA17.^FS
^FO34,900^A0N,21,18^CI13^FR^FDITEM_17.^FS
^FO667,435^A0N,24,21^CI13^FR^FDCODIGO^FS
^FO573,435^A0N,24,21^CI13^FR^FDCANT^FS
^FO492,435^A0N,24,21^CI13^FR^FDUNID^FS
^FO139,181^A0N,32,28^CI13^FR^FDVBPROVEEDOR^FS
^FO140,228^A0N,32,28^CI13^FR^FDVBGUIA^FS
^FO142,272^A0N,32,28^CI13^FR^FDVBBULTO^FS
^FO174,364^A0N,32,28^CI13^FR^FDVBOBSERVACIONES^FS
^FO617,262^A0N,32,28^CI13^FR^FDVBPESO^FS
^FO613,206^A0N,32,28^CI13^FR^FDVBCANT^FS
^FO36,476^A0N,21,18^CI13^FR^FDITEM_1.^FS
^FO144,474^A0N,21,19^CI13^FR^FDLINEA1.^FS
^FO486,474^A0N,21,19^CI13^FR^FDUNID1.^FS
^FO566,474^A0N,21,19^CI13^FR^FDCANT1.^FS
^FO651,474^A0N,21,19^CI13^FR^FDCODIGO1.^FS
^FO36,504^A0N,21,18^CI13^FR^FDITEM_2.^FS
^FO144,504^A0N,21,19^CI13^FR^FDLINEA2.^FS
^FO486,502^A0N,21,18^CI13^FR^FDUNID2.^FS
^FO566,502^A0N,21,19^CI13^FR^FDCANT2.^FS
^FO651,502^A0N,21,19^CI13^FR^FDCODIGO2.^FS
^FO649,554^A0N,21,18^CI13^FR^FDCODIGO4.^FS
^FO566,554^A0N,21,18^CI13^FR^FDCANT4.^FS
^FO486,556^A0N,21,18^CI13^FR^FDUNID4.^FS
^FO144,552^A0N,21,18^CI13^FR^FDLINEA4.^FS
^FO36,554^A0N,21,18^CI13^FR^FDITEM_4.^FS
^FO649,526^A0N,21,18^CI13^FR^FDCODIGO3.^FS
^FO566,526^A0N,21,18^CI13^FR^FDCANT3.^FS
^FO486,528^A0N,21,18^CI13^FR^FDUNID3.^FS
^FO144,528^A0N,21,18^CI13^FR^FDLINEA3.^FS
^FO34,528^A0N,21,18^CI13^FR^FDITEM_3.^FS
^FO34,634^A0N,21,18^CI13^FR^FDITEM_7.^FS
^FO142,634^A0N,21,18^CI13^FR^FDLINEA7.^FS
^FO484,634^A0N,21,18^CI13^FR^FDUNID7.^FS
^FO564,632^A0N,21,18^CI13^FR^FDCANT7.^FS
^FO649,632^A0N,21,18^CI13^FR^FDCODIGO7.^FS
^FO34,662^A0N,21,18^CI13^FR^FDITEM_8.^FS
^FO142,662^A0N,21,18^CI13^FR^FDLINEA8.^FS
^FO484,662^A0N,21,18^CI13^FR^FDUNID8.^FS
^FO564,660^A0N,21,18^CI13^FR^FDCANT8.^FS
^FO649,660^A0N,21,18^CI13^FR^FDCODIGO8.^FS
^FO649,608^A0N,21,18^CI13^FR^FDCODIGO6.^FS
^FO566,608^A0N,21,18^CI13^FR^FDCANT6.^FS
^FO486,608^A0N,21,18^CI13^FR^FDUNID6.^FS
^FO144,606^A0N,21,18^CI13^FR^FDLINEA6.^FS
^FO36,608^A0N,21,18^CI13^FR^FDITEM_6.^FS
^FO649,580^A0N,21,18^CI13^FR^FDCODIGO5.^FS
^FO566,580^A0N,21,18^CI13^FR^FDCANT5.^FS
^FO486,580^A0N,21,18^CI13^FR^FDUNID5.^FS
^FO144,580^A0N,21,18^CI13^FR^FDLINEA5.^FS
^FO34,582^A0N,21,18^CI13^FR^FDITEM_5.^FS
^FO34,794^A0N,21,18^CI13^FR^FDITEM_13.^FS
^FO140,792^A0N,21,18^CI13^FR^FDLINEA13.^FS
^FO486,792^A0N,21,18^CI13^FR^FDUNID13.^FS
^FO566,792^A0N,21,18^CI13^FR^FDCANT13.^FS
^FO649,792^A0N,21,18^CI13^FR^FDCODIGO13.^FS
^FO36,820^A0N,21,18^CI13^FR^FDITEM_14.^FS
^FO140,818^A0N,21,18^CI13^FR^FDLINEA14.^FS
^FO486,820^A0N,21,18^CI13^FR^FDUNID14.^FS
^FO566,820^A0N,21,18^CI13^FR^FDCANT14.^FS
^FO649,820^A0N,21,18^CI13^FR^FDCODIGO14.^FS
^FO649,872^A0N,21,18^CI13^FR^FDCODIGO16.^FS
^FO564,872^A0N,21,18^CI13^FR^FDCANT16.^FS
^FO484,874^A0N,21,18^CI13^FR^FDUNID16.^FS
^FO142,874^A0N,21,18^CI13^FR^FDLINEA16.^FS
^FO34,874^A0N,21,18^CI13^FR^FDITEM_16.^FS
^FO649,844^A0N,21,18^CI13^FR^FDCODIGO15.^FS
^FO564,844^A0N,21,18^CI13^FR^FDCANT15.^FS
^FO484,846^A0N,21,18^CI13^FR^FDUNID15.^FS
^FO142,846^A0N,21,18^CI13^FR^FDLINEA15.^FS
^FO34,846^A0N,21,18^CI13^FR^FDITEM_15.^FS
^FO34,740^A0N,21,18^CI13^FR^FDITEM_11.^FS
^FO142,742^A0N,21,18^CI13^FR^FDLINEA11.^FS
^FO486,740^A0N,21,18^CI13^FR^FDUNID11.^FS
^FO566,738^A0N,21,18^CI13^FR^FDCANT11.^FS
^FO649,738^A0N,21,18^CI13^FR^FDCODIGO11.^FS
^FO32,766^A0N,21,18^CI13^FR^FDITEM_12.^FS
^FO144,764^A0N,21,18^CI13^FR^FDLINEA12.^FS
^FO486,768^A0N,21,18^CI13^FR^FDUNID12.^FS
^FO566,766^A0N,21,18^CI13^FR^FDCANT12.^FS
^FO649,766^A0N,21,18^CI13^FR^FDCODIGO12.^FS
^FO651,714^A0N,21,18^CI13^FR^FDCODIGO10.^FS
^FO22,1057^GB761,126,4^FS
^FO552,425^GB0,633,3^FS
^FO21,422^GB759,0,3^FS
^FO26,462^GB753,0,3^FS
^FO777,425^GB0,633,3^FS
^FO22,425^GB0,633,3^FS
^FO128,426^GB0,633,3^FS
^FO473,423^GB0,633,3^FS
^FO641,424^GB0,633,3^FS
^PQ1,0,0,N
^XZ
^FX End of job
^XA
^IDR:ID*.*
^XZ
