
^FX Precompiled file for C:\otk.bmp width (pixels)=87 height (pixels)=29^FS
^FX Scale factors: xf=2.879 yf=3.652 orientation=0 scaled width (bytes)=32 scaled height (bytes)=106^FS
~DGESR0Cotk,3392,32,
,
:
:
:
:
:
:
:
:
:
:
:
:
:
:
:
:
:
:
:
:
:
:
:
:
:
:
:
:
:
:
:
:
L01IF8,
:
:
:
K07LFC,
:
:
J03FEI07HF8Q03FR01F8,
:
:
:
I01HFK01F8Q03FR01F8,
:
:
I07F8K01HFH0EM0KFI0IFCI0JFCI0IFEK03FC,
:
:
:
I07CM03FH0FCL0KF03LFH0JFC03KF8I0IFC,
:
:
:
I07CN07E0FCI01CH03FI03FE01HFH01HFI03FEH0HFH07HF,
:
:
I07CN07E0EJ01F803FH01F8J07E01F8H01F8I01FE07E,
:
:
:
I07CN07E0FCI01F803FH01F8J07E01F8H01F8I01FE07E,
:
:
:
I07CN07E0EJ01F803FH01F8K0FC1F8H07F8H07HF03F,
:
:
I07CM03FH0EJ01F803FH0HF8K0FC1F8H07C0IFEH03F,
:
:
:
I07CM03FH0EJ01F803FH01F8K0FC1F8H07IFCJ03FE,
:
:
:
I01F8K01HFH0FCI01F803FH01F8J07E01F8H01HFM07E,
:
:
I01HFK0HF8H0FCI0HF803FH01HFI03FE01F8H01HFM07E,
:
:
:
J03IF8IFCI0HF803FCH03FCH03FE01HFI03FH01HFM07HF,
:
:
:
K07KFEJ01KFCI07CI07JF8I03FEH03HFCL0IFC,
:
:
L01IF8M07HFL0CJ0IFCQ0HF8L03FC,
:
:
:
,
:
:
:
:
:
:
:
:
:
:
^XA
^PR10 
^LH0,0^FS
^LL1215
^MD0
^MNY
^LH0,0^FS
^FO21,10^FR^XGESR0Cotk,1,1^FS
^FO312,43^A0N,54,47^CI13^FR^FDVBCODIGOMERCADERIA^FS
^FO83,179^A0N,45,45^CI13^FR^FDVBMERCADERIA^FS
^BY2,3.0^FO37,256^B3N,N,183,Y,N^FR^FDVBCODIGOBARRA^FS
^FO531,315^A0N,24,21^CI13^FR^FDFECHA :^FS
^FO531,359^A0N,24,21^CI13^FR^FDHORA :^FS
^FO528,262^A0N,31,28^CI13^FR^FDVBUSUARIO^FS
^FO603,358^A0N,30,25^CI13^FR^FDVBHORA^FS
^FO606,310^A0N,30,25^CI13^FR^FDVBFECHA^FS
^PQ1,0,0,N
^XZ
^FX End of job
^XA
^IDR:ID*.*
^XZ
