
^FX Precompiled file for D:\etiquetas\ransa.bmp width (pixels)=111 height (pixels)=43^FS
^FX Scale factors: xf=1.428 yf=1.812 orientation=0 scaled width (bytes)=20 scaled height (bytes)=78^FS
~DGRWYECran,1560,20,
,
:
I0RFC,
:
H01RFC,
H03RFC,
:
:
:
H0SFC,
:
:
:
H0SF8,
:
:
:
:
01SF8,
:
:
:
01HF8I03LF,
:
01HF8J07KF,
07HF8J03KF,
:
:
:
07FEK03KF,
:
07FEH07I0KF,
:
07FE03FEH0KF,
07FE03F2H0KF,
:
07FC03FEH0JFC,
:
0HFC03FEH0JFC,
:
0HFC037EH0JFC,
:
0HFC03FC03JFC3HFJ0FH03EH0780HF8H0F,
0HFCK03JF87HFCH01FH07FH0787HFC01FC0
:
0HFCK03JF87HFEH07FH07FH0787HFC01FC0
:
0HFCK07JF8783EH07FH07FH0787C1C07FC0
:
3HFCJ01KF8781EH073H07FH0787CI07FC0
:
3HFCJ0LF8781EH0F3H07FC078FCI073C0
:
3HFH0FH03JFE0701EH0E3H0F7E1F07CI0F3C0
3HFH0F803JFE0F03E03E3C0F1F1F07FH03E3C0
:
7HFH0FE01JFE0IFC0383C0F1F1F01FC03E3C0
:
7HFH0FE01JFE0HFEH0783C0F0F1FH0FE0783C0
:
7FEH0HFH07IFE0F1EH0703C0F0FDFH03E0783C0
:
7FEH0HFH07IFE0F1FH0F83C0F0HFCH01E0783C0
7FE03HFH07IFE0C0FH0IFC0F03FCH01F87HFC0
:
7FE03HFC03IFC0C0FC0IFC0F03FCH01E0IFC0
:
3FC03HFC03IF03C03C3C03C3C01FC3E3E3C01E0
:
0FC03HFC03HFE03C01E7C03C3CH0FC7HFC3C01E0
:
07C03HFEH0HFC03C01E7801E3CH0F83HF03801E0
,
:
:
:
:
:
^XA
^PR10 
^LH0,0^FS
^LL1215
^MD0
^MNY
^LH0,0^FS
^FO24,16^FR^XGRWYECran,1,1^FS
^FO450,29^A0N,51,45^CI13^FR^FDVBORDENCOMPRA^FS
^FO36,137^A0N,24,21^CI13^FR^FDPROVEEDOR:^FS
^FO428,181^A0N,24,21^CI13^FR^FDGUIA PROV:^FS
^FO35,185^A0N,24,21^CI13^FR^FDNRO BULTO:^FS
^FO37,277^A0N,24,21^CI13^FR^FDOBSERVACION:^FS
^BY2,3.0^FO158,1071^B3N,N,79,Y,N^FR^FDVBCODIGOBARRA^FS
^FO320,233^A0N,24,21^CI13^FR^FDCANT:^FS
^FO37,233^A0N,24,21^CI13^FR^FDPESO:^FS
^FO566,714^A0N,21,18^CI13^FR^FDCANT10.^FS
^FO486,714^A0N,21,18^CI13^FR^FDUNID10.^FS
^FO144,716^A0N,21,18^CI13^FR^FDLINEA10.^FS
^FO36,716^A0N,21,18^CI13^FR^FDITEM_10.^FS
^FO651,686^A0N,21,18^CI13^FR^FDCODIGO9.^FS
^FO566,686^A0N,21,18^CI13^FR^FDCANT9.^FS
^FO486,686^A0N,21,18^CI13^FR^FDUNID9.^FS
^FO144,686^A0N,21,18^CI13^FR^FDLINEA9.^FS
^FO36,688^A0N,21,18^CI13^FR^FDITEM_9.^FS
^FO609,228^A0N,31,28^CI13^FR^FDVBZONA^FS
^FO34,952^A0N,21,18^CI13^FR^FDITEM_19.^FS
^FO42,435^A0N,24,21^CI13^FR^FDITEM^FS
^FO142,952^A0N,21,18^CI13^FR^FDLINEA19.^FS
^FO484,952^A0N,21,18^CI13^FR^FDUNID19.^FS
^FO564,950^A0N,21,18^CI13^FR^FDCANT19.^FS
^FO649,950^A0N,21,18^CI13^FR^FDCODIGO19.^FS
^FO34,978^A0N,21,18^CI13^FR^FDITEM_20.^FS
^FO142,976^A0N,21,18^CI13^FR^FDLINEA20.^FS
^FO484,980^A0N,21,18^CI13^FR^FDUNID20.^FS
^FO564,978^A0N,21,18^CI13^FR^FDCANT20.^FS
^FO649,978^A0N,21,18^CI13^FR^FDCODIGO20.^FS
^FO649,926^A0N,21,18^CI13^FR^FDCODIGO18.^FS
^FO218,435^A0N,24,21^CI13^FR^FDDESCRIPCION^FS
^FO566,926^A0N,21,18^CI13^FR^FDCANT18.^FS
^FO486,926^A0N,21,18^CI13^FR^FDUNID18.^FS
^FO144,928^A0N,21,18^CI13^FR^FDLINEA18.^FS
^FO36,928^A0N,21,18^CI13^FR^FDITEM_18.^FS
^FO649,898^A0N,21,18^CI13^FR^FDCODIGO17.^FS
^FO566,898^A0N,21,18^CI13^FR^FDCANT17.^FS
^FO486,898^A0N,21,18^CI13^FR^FDUNID17.^FS
^FO144,898^A0N,21,18^CI13^FR^FDLINEA17.^FS
^FO34,900^A0N,21,18^CI13^FR^FDITEM_17.^FS
^FO667,435^A0N,24,21^CI13^FR^FDCODIGO^FS
^FO573,435^A0N,24,21^CI13^FR^FDCANT^FS
^FO492,435^A0N,24,21^CI13^FR^FDUNID^FS
^FO39,327^A0N,24,21^CI13^FR^FDDIRIGIDO A:^FS
^FO37,371^A0N,24,21^CI13^FR^FDDESTINO :^FS
^FO161,372^A0N,31,28^CI13^FR^FDVBDESTINO^FS
^FO163,322^A0N,31,28^CI13^FR^FDVBDIRIGIDOA^FS
^FO148,127^A0N,32,28^CI13^FR^FDVBPROVEEDOR^FS
^FO536,179^A0N,32,28^CI13^FR^FDVBGUIA^FS
^FO149,177^A0N,32,28^CI13^FR^FDVBBULTO^FS
^FO169,276^A0N,32,28^CI13^FR^FDVBOBSERVACIONES^FS
^FO96,230^A0N,32,28^CI13^FR^FDVBPESO^FS
^FO374,228^A0N,32,28^CI13^FR^FDVBCANT^FS
^FO555,233^A0N,24,21^CI13^FR^FDZONA:^FS
^FO36,476^A0N,21,18^CI13^FR^FDITEM_1.^FS
^FO144,474^A0N,21,19^CI13^FR^FDLINEA1.^FS
^FO486,474^A0N,21,19^CI13^FR^FDUNID1.^FS
^FO566,474^A0N,21,19^CI13^FR^FDCANT1.^FS
^FO651,474^A0N,21,19^CI13^FR^FDCODIGO1.^FS
^FO36,504^A0N,21,18^CI13^FR^FDITEM_2.^FS
^FO144,504^A0N,21,19^CI13^FR^FDLINEA2.^FS
^FO486,502^A0N,21,18^CI13^FR^FDUNID2.^FS
^FO566,502^A0N,21,19^CI13^FR^FDCANT2.^FS
^FO651,502^A0N,21,19^CI13^FR^FDCODIGO2.^FS
^FO649,554^A0N,21,18^CI13^FR^FDCODIGO4.^FS
^FO566,554^A0N,21,18^CI13^FR^FDCANT4.^FS
^FO486,556^A0N,21,18^CI13^FR^FDUNID4.^FS
^FO144,552^A0N,21,18^CI13^FR^FDLINEA4.^FS
^FO36,554^A0N,21,18^CI13^FR^FDITEM_4.^FS
^FO649,526^A0N,21,18^CI13^FR^FDCODIGO3.^FS
^FO566,526^A0N,21,18^CI13^FR^FDCANT3.^FS
^FO486,528^A0N,21,18^CI13^FR^FDUNID3.^FS
^FO144,528^A0N,21,18^CI13^FR^FDLINEA3.^FS
^FO34,528^A0N,21,18^CI13^FR^FDITEM_3.^FS
^FO34,634^A0N,21,18^CI13^FR^FDITEM_7.^FS
^FO142,634^A0N,21,18^CI13^FR^FDLINEA7.^FS
^FO484,634^A0N,21,18^CI13^FR^FDUNID7.^FS
^FO564,632^A0N,21,18^CI13^FR^FDCANT7.^FS
^FO649,632^A0N,21,18^CI13^FR^FDCODIGO7.^FS
^FO34,662^A0N,21,18^CI13^FR^FDITEM_8.^FS
^FO142,662^A0N,21,18^CI13^FR^FDLINEA8.^FS
^FO484,662^A0N,21,18^CI13^FR^FDUNID8.^FS
^FO564,660^A0N,21,18^CI13^FR^FDCANT8.^FS
^FO649,660^A0N,21,18^CI13^FR^FDCODIGO8.^FS
^FO649,608^A0N,21,18^CI13^FR^FDCODIGO6.^FS
^FO566,608^A0N,21,18^CI13^FR^FDCANT6.^FS
^FO486,608^A0N,21,18^CI13^FR^FDUNID6.^FS
^FO144,606^A0N,21,18^CI13^FR^FDLINEA6.^FS
^FO36,608^A0N,21,18^CI13^FR^FDITEM_6.^FS
^FO649,580^A0N,21,18^CI13^FR^FDCODIGO5.^FS
^FO566,580^A0N,21,18^CI13^FR^FDCANT5.^FS
^FO486,580^A0N,21,18^CI13^FR^FDUNID5.^FS
^FO144,580^A0N,21,18^CI13^FR^FDLINEA5.^FS
^FO34,582^A0N,21,18^CI13^FR^FDITEM_5.^FS
^FO34,794^A0N,21,18^CI13^FR^FDITEM_13.^FS
^FO140,792^A0N,21,18^CI13^FR^FDLINEA13.^FS
^FO486,792^A0N,21,18^CI13^FR^FDUNID13.^FS
^FO566,792^A0N,21,18^CI13^FR^FDCANT13.^FS
^FO649,792^A0N,21,18^CI13^FR^FDCODIGO13.^FS
^FO36,820^A0N,21,18^CI13^FR^FDITEM_14.^FS
^FO140,818^A0N,21,18^CI13^FR^FDLINEA14.^FS
^FO486,820^A0N,21,18^CI13^FR^FDUNID14.^FS
^FO566,820^A0N,21,18^CI13^FR^FDCANT14.^FS
^FO649,820^A0N,21,18^CI13^FR^FDCODIGO14.^FS
^FO649,872^A0N,21,18^CI13^FR^FDCODIGO16.^FS
^FO564,872^A0N,21,18^CI13^FR^FDCANT16.^FS
^FO484,874^A0N,21,18^CI13^FR^FDUNID16.^FS
^FO142,874^A0N,21,18^CI13^FR^FDLINEA16.^FS
^FO34,874^A0N,21,18^CI13^FR^FDITEM_16.^FS
^FO649,844^A0N,21,18^CI13^FR^FDCODIGO15.^FS
^FO564,844^A0N,21,18^CI13^FR^FDCANT15.^FS
^FO484,846^A0N,21,18^CI13^FR^FDUNID15.^FS
^FO142,846^A0N,21,18^CI13^FR^FDLINEA15.^FS
^FO34,846^A0N,21,18^CI13^FR^FDITEM_15.^FS
^FO34,740^A0N,21,18^CI13^FR^FDITEM_11.^FS
^FO142,742^A0N,21,18^CI13^FR^FDLINEA11.^FS
^FO486,740^A0N,21,18^CI13^FR^FDUNID11.^FS
^FO566,738^A0N,21,18^CI13^FR^FDCANT11.^FS
^FO649,738^A0N,21,18^CI13^FR^FDCODIGO11.^FS
^FO32,766^A0N,21,18^CI13^FR^FDITEM_12.^FS
^FO144,764^A0N,21,18^CI13^FR^FDLINEA12.^FS
^FO486,768^A0N,21,18^CI13^FR^FDUNID12.^FS
^FO566,766^A0N,21,18^CI13^FR^FDCANT12.^FS
^FO649,766^A0N,21,18^CI13^FR^FDCODIGO12.^FS
^FO651,714^A0N,21,18^CI13^FR^FDCODIGO10.^FS
^FO52,1057^GB693,126,4^FS
^FO30,422^GB751,0,3^FS
^FO26,462^GB757,0,3^FS
^PQ1,0,0,N
^XZ
^FX End of job
^XA
^IDR:ID*.*
^XZ
