
^FX Precompiled file for C:\otk.bmp width (pixels)=87 height (pixels)=29^FS
^FX Scale factors: xf=2.465 yf=2.343 orientation=0 scaled width (bytes)=28 scaled height (bytes)=68^FS
~DG4GB3Botk,1904,28,
,
:
:
:
:
:
:
:
:
:
:
:
:
:
:
:
:
:
:
:
:
K01IF,
:
J03KFE,
:
:
J0FEI0HF8O01FQ07C,
:
I07F8J0F8O01FQ07C,
:
H01FCK0HF01CK03JFH07HFCH03IF8H07HFCJ07F8,
:
:
H01FL01F01FK03JF07JFE03IF80KFI0IF8,
:
H01FM07C1FI01801FI07F01FEH07FI0HF01FC03HF,
:
H01FM07C1CI01F01FH03EJ0F807CH03EI03F83E,
:
:
H01FM07C1FI01F01FH03EJ0F807CH03EI03F83E,
:
H01FM07C1CI01F01FH03EJ01F07C01FEH07FC1F,
:
:
H01FL01F01CI01F01FH0FEJ01F07C01F07HFC01F,
:
H01FL01F01CI01F01FH03EJ01F07C01IFCI01FE,
:
I07CK0HF01FI01F01FH03EJ0F807CH03F8K03E,
:
:
I07F8I03F801FI0HF01FH03F8H03F807CH03F8K03E,
:
J0IF1HFEH01FE03F801FEH07F01FEH01FH03F8K03HF,
:
J03KFJ03JF8H03EH01JFI01FCH0HFCK0IF8,
:
:
K01IFL01HFK0EI07HFCO07F8K07F8,
:
,
:
:
:
:
:
:
^XA
^PR10 
^LH0,0^FS
^LL1215
^MD0
^MNY
^LH0,0^FS
^FO24,10^FR^XG4GB3Botk,1,1^FS
^FO29,177^A0N,24,21^CI13^FR^FDORDEN COMPRA :^FS
^BY2,3.0^FO45,1071^B3N,N,79,Y,N^FR^FDVBCODIGOBARRA^FS
^FO566,714^A0N,21,18^CI13^FR^FDCANT10.^FS
^FO486,714^A0N,21,18^CI13^FR^FDUNID10.^FS
^FO144,716^A0N,21,18^CI13^FR^FDLINEA10.^FS
^FO36,716^A0N,21,18^CI13^FR^FDITEM_10.^FS
^FO651,686^A0N,21,18^CI13^FR^FDCODIGO9.^FS
^FO566,686^A0N,21,18^CI13^FR^FDCANT9.^FS
^FO486,686^A0N,21,18^CI13^FR^FDUNID9.^FS
^FO144,686^A0N,21,18^CI13^FR^FDLINEA9.^FS
^FO36,688^A0N,21,18^CI13^FR^FDITEM_9.^FS
^FO34,952^A0N,21,18^CI13^FR^FDITEM_19.^FS
^FO42,435^A0N,24,21^CI13^FR^FDITEM^FS
^FO142,952^A0N,21,18^CI13^FR^FDLINEA19.^FS
^FO484,952^A0N,21,18^CI13^FR^FDUNID19.^FS
^FO564,950^A0N,21,18^CI13^FR^FDCANT19.^FS
^FO649,950^A0N,21,18^CI13^FR^FDCODIGO19.^FS
^FO34,978^A0N,21,18^CI13^FR^FDITEM_20.^FS
^FO142,976^A0N,21,18^CI13^FR^FDLINEA20.^FS
^FO484,980^A0N,21,18^CI13^FR^FDUNID20.^FS
^FO564,978^A0N,21,18^CI13^FR^FDCANT20.^FS
^FO649,978^A0N,21,18^CI13^FR^FDCODIGO20.^FS
^FO649,926^A0N,21,18^CI13^FR^FDCODIGO18.^FS
^FO218,435^A0N,24,21^CI13^FR^FDDESCRIPCION^FS
^FO566,926^A0N,21,18^CI13^FR^FDCANT18.^FS
^FO486,926^A0N,21,18^CI13^FR^FDUNID18.^FS
^FO144,928^A0N,21,18^CI13^FR^FDLINEA18.^FS
^FO36,928^A0N,21,18^CI13^FR^FDITEM_18.^FS
^FO649,898^A0N,21,18^CI13^FR^FDCODIGO17.^FS
^FO566,898^A0N,21,18^CI13^FR^FDCANT17.^FS
^FO486,898^A0N,21,18^CI13^FR^FDUNID17.^FS
^FO144,898^A0N,21,18^CI13^FR^FDLINEA17.^FS
^FO34,900^A0N,21,18^CI13^FR^FDITEM_17.^FS
^FO667,435^A0N,24,21^CI13^FR^FDCODIGO^FS
^FO573,435^A0N,24,21^CI13^FR^FDCANT^FS
^FO492,435^A0N,24,21^CI13^FR^FDUNID^FS
^FO32,265^A0N,24,21^CI13^FR^FDCLIENTE :^FS
^FO33,357^A0N,24,21^CI13^FR^FDDESTINO :^FS
^FO195,350^A0N,31,28^CI13^FR^FDVBDESTINO^FS
^FO196,256^A0N,31,28^CI13^FR^FDVBCLIENTE^FS
^FO193,171^A0N,31,28^CI13^FR^FDVBORDENCOMPRA^FS
^FO36,476^A0N,21,18^CI13^FR^FDITEM_1.^FS
^FO144,474^A0N,21,19^CI13^FR^FDLINEA1.^FS
^FO486,474^A0N,21,19^CI13^FR^FDUNID1.^FS
^FO566,474^A0N,21,19^CI13^FR^FDCANT1.^FS
^FO651,474^A0N,21,19^CI13^FR^FDCODIGO1.^FS
^FO36,504^A0N,21,18^CI13^FR^FDITEM_2.^FS
^FO144,504^A0N,21,19^CI13^FR^FDLINEA2.^FS
^FO486,502^A0N,21,18^CI13^FR^FDUNID2.^FS
^FO566,502^A0N,21,19^CI13^FR^FDCANT2.^FS
^FO651,502^A0N,21,19^CI13^FR^FDCODIGO2.^FS
^FO649,554^A0N,21,18^CI13^FR^FDCODIGO4.^FS
^FO566,554^A0N,21,18^CI13^FR^FDCANT4.^FS
^FO486,556^A0N,21,18^CI13^FR^FDUNID4.^FS
^FO144,552^A0N,21,18^CI13^FR^FDLINEA4.^FS
^FO36,554^A0N,21,18^CI13^FR^FDITEM_4.^FS
^FO649,526^A0N,21,18^CI13^FR^FDCODIGO3.^FS
^FO566,526^A0N,21,18^CI13^FR^FDCANT3.^FS
^FO486,528^A0N,21,18^CI13^FR^FDUNID3.^FS
^FO144,528^A0N,21,18^CI13^FR^FDLINEA3.^FS
^FO34,528^A0N,21,18^CI13^FR^FDITEM_3.^FS
^FO34,634^A0N,21,18^CI13^FR^FDITEM_7.^FS
^FO142,634^A0N,21,18^CI13^FR^FDLINEA7.^FS
^FO484,634^A0N,21,18^CI13^FR^FDUNID7.^FS
^FO564,632^A0N,21,18^CI13^FR^FDCANT7.^FS
^FO649,632^A0N,21,18^CI13^FR^FDCODIGO7.^FS
^FO34,662^A0N,21,18^CI13^FR^FDITEM_8.^FS
^FO142,662^A0N,21,18^CI13^FR^FDLINEA8.^FS
^FO484,662^A0N,21,18^CI13^FR^FDUNID8.^FS
^FO564,660^A0N,21,18^CI13^FR^FDCANT8.^FS
^FO649,660^A0N,21,18^CI13^FR^FDCODIGO8.^FS
^FO649,608^A0N,21,18^CI13^FR^FDCODIGO6.^FS
^FO566,608^A0N,21,18^CI13^FR^FDCANT6.^FS
^FO486,608^A0N,21,18^CI13^FR^FDUNID6.^FS
^FO144,606^A0N,21,18^CI13^FR^FDLINEA6.^FS
^FO36,608^A0N,21,18^CI13^FR^FDITEM_6.^FS
^FO649,580^A0N,21,18^CI13^FR^FDCODIGO5.^FS
^FO566,580^A0N,21,18^CI13^FR^FDCANT5.^FS
^FO486,580^A0N,21,18^CI13^FR^FDUNID5.^FS
^FO144,580^A0N,21,18^CI13^FR^FDLINEA5.^FS
^FO34,582^A0N,21,18^CI13^FR^FDITEM_5.^FS
^FO34,794^A0N,21,18^CI13^FR^FDITEM_13.^FS
^FO140,792^A0N,21,18^CI13^FR^FDLINEA13.^FS
^FO486,792^A0N,21,18^CI13^FR^FDUNID13.^FS
^FO566,792^A0N,21,18^CI13^FR^FDCANT13.^FS
^FO649,792^A0N,21,18^CI13^FR^FDCODIGO13.^FS
^FO36,820^A0N,21,18^CI13^FR^FDITEM_14.^FS
^FO140,818^A0N,21,18^CI13^FR^FDLINEA14.^FS
^FO486,820^A0N,21,18^CI13^FR^FDUNID14.^FS
^FO566,820^A0N,21,18^CI13^FR^FDCANT14.^FS
^FO649,820^A0N,21,18^CI13^FR^FDCODIGO14.^FS
^FO649,872^A0N,21,18^CI13^FR^FDCODIGO16.^FS
^FO564,872^A0N,21,18^CI13^FR^FDCANT16.^FS
^FO484,874^A0N,21,18^CI13^FR^FDUNID16.^FS
^FO142,874^A0N,21,18^CI13^FR^FDLINEA16.^FS
^FO34,874^A0N,21,18^CI13^FR^FDITEM_16.^FS
^FO649,844^A0N,21,18^CI13^FR^FDCODIGO15.^FS
^FO564,844^A0N,21,18^CI13^FR^FDCANT15.^FS
^FO484,846^A0N,21,18^CI13^FR^FDUNID15.^FS
^FO142,846^A0N,21,18^CI13^FR^FDLINEA15.^FS
^FO34,846^A0N,21,18^CI13^FR^FDITEM_15.^FS
^FO34,740^A0N,21,18^CI13^FR^FDITEM_11.^FS
^FO142,742^A0N,21,18^CI13^FR^FDLINEA11.^FS
^FO486,740^A0N,21,18^CI13^FR^FDUNID11.^FS
^FO566,738^A0N,21,18^CI13^FR^FDCANT11.^FS
^FO649,738^A0N,21,18^CI13^FR^FDCODIGO11.^FS
^FO32,766^A0N,21,18^CI13^FR^FDITEM_12.^FS
^FO144,764^A0N,21,18^CI13^FR^FDLINEA12.^FS
^FO486,768^A0N,21,18^CI13^FR^FDUNID12.^FS
^FO566,766^A0N,21,18^CI13^FR^FDCANT12.^FS
^FO649,766^A0N,21,18^CI13^FR^FDCODIGO12.^FS
^FO651,714^A0N,21,18^CI13^FR^FDCODIGO10.^FS
^FO30,422^GB751,0,3^FS
^FO26,462^GB757,0,3^FS
^PQ1,0,0,N
^XZ
^FX End of job
^XA
^IDR:ID*.*
^XZ
