
^FX Precompiled file for C:\otk.bmp width (pixels)=87 height (pixels)=29^FS
^FX Scale factors: xf=1.355 yf=1.654 orientation=0 scaled width (bytes)=15 scaled height (bytes)=48^FS
~DGFXNJBotk,720,15,
,
:
:
:
:
:
:
:
:
:
:
:
:
:
:
I07F,
:
H03IF,
H0780F8K0EL0C,
:
H0FH018K0EL0C,
03CH01E1I03FE07E03FC07FH01E,
:
038I0E1CH03FE3HFC3FC3HF80FE,
:
038I071C020E03C3C0F03C1E1F,
038I071H030E06H060C07H0F18,
:
038I071C030E06H060C07H0F18,
:
038I071H030E06H038C0F07E7,
038I0E1H030E1EH038C0C7F07,
:
038I0E1H030E06H038C0HFH078,
:
H0CH01E1C030E06H060C078H018,
H0FH0781C0F0E0781E0C078H018,
:
H07F7F01E1E0F03C3C07078H01F,
:
H03HFEH0HFE0301HF80783FI0FE,
I07FI01FH01H07EK078H01E,
:
,
:
:
:
:
^XA
^PRC 
^LH0,0^FS
^LL1215
^MD0
^MNY
^LH0,0^FS
^FO128,61^A0N,27,23^CI13^FR^FDVBNOMBRECLIENTEDESTINO^FS
^FO14,8^FR^XGFXNJBotk,1,1^FS
^FO14,175^A0N,27,23^CI13^FR^FDORDEN COMPRA:^FS
^FO20,69^A0N,27,23^CI13^FR^FDCLIENTE :^FS
^FO18,119^A0N,27,23^CI13^FR^FDDESTINO :^FS
^FO130,113^A0N,27,23^CI13^FR^FDVBNOMBRECLIENTE^FS
^FO184,163^A0N,57,50^CI13^FR^FDVBORDENCOMPRA^FS
^FO20,1014^A0N,27,23^CI13^FR^FDPROVEEDOR :^FS
^FO160,1015^A0N,29,25^CI13^FR^FDVBCLIENTEORIGEN^FS
^FO156,1057^A0N,29,25^CI13^FR^FDVBDIRECCIONCLIENTEORIGEN^FS
^FO753,640^A0N,21,19^CI13^FR^FDVBNROITEM11.^FS
^FO751,676^A0N,21,19^CI13^FR^FDVBNROITEM12.^FS
^FO10,237^A0N,27,23^CI13^FR^FDCANT^FS
^FO751,718^A0N,21,19^CI13^FR^FDVBNROITEM13.^FS
^FO749,754^A0N,21,19^CI13^FR^FDVBNROITEM14.^FS
^FO749,792^A0N,21,19^CI13^FR^FDVBNROITEM15.^FS
^FO749,826^A0N,21,19^CI13^FR^FDVBNROITEM16.^FS
^FO749,862^A0N,21,19^CI13^FR^FDVBNROITEM17.^FS
^FO749,894^A0N,21,19^CI13^FR^FDVBNROITEM18.^FS
^FO749,928^A0N,21,19^CI13^FR^FDVBNROITEM19.^FS
^FO749,962^A0N,21,19^CI13^FR^FDVBNROITEM20.^FS
^FO88,241^A0N,27,23^CI13^FR^FDCODIGO^FS
^FO342,235^A0N,27,23^CI13^FR^FDDESCRIPCION^FS
^FO729,233^A0N,27,23^CI13^FR^FDITEM^FS
^FO12,292^A0N,21,18^CI13^FR^FDVBCANT1.^FS
^FO12,328^A0N,21,19^CI13^FR^FDVBCANT2.^FS
^FO12,364^A0N,21,19^CI13^FR^FDVBCANT3.^FS
^FO12,402^A0N,21,19^CI13^FR^FDVBCANT4.^FS
^FO10,438^A0N,21,19^CI13^FR^FDVBCANT5.^FS
^FO10,472^A0N,21,19^CI13^FR^FDVBCANT6.^FS
^FO10,508^A0N,21,19^CI13^FR^FDVBCANT7.^FS
^FO12,542^A0N,21,19^CI13^FR^FDVBCANT8.^FS
^FO14,608^A0N,21,19^CI13^FR^FDVBCANT10.^FS
^FO12,574^A0N,21,19^CI13^FR^FDVBCANT9.^FS
^FO84,292^A0N,21,19^CI13^FR^FDVBCODIGO1.^FS
^FO82,328^A0N,21,19^CI13^FR^FDVBCODIGO2.^FS
^FO82,364^A0N,21,19^CI13^FR^FDVBCODIGO3.^FS
^FO82,474^A0N,21,19^CI13^FR^FDVBCODIGO6.^FS
^FO82,402^A0N,21,19^CI13^FR^FDVBCODIGO4.^FS
^FO82,438^A0N,21,19^CI13^FR^FDVBCODIGO5.^FS
^FO82,510^A0N,21,19^CI13^FR^FDVBCODIGO7.^FS
^FO80,540^A0N,21,19^CI13^FR^FDVBCODIGO8.^FS
^FO80,608^A0N,21,19^CI13^FR^FDVBCODIGO10.^FS
^FO78,574^A0N,21,19^CI13^FR^FDVBCODIGO9.^FS
^FO214,290^A0N,21,19^CI13^FR^FDVBDESCRIPCION1.^FS
^FO214,326^A0N,21,19^CI13^FR^FDVBDESCRIPCION2.^FS
^FO216,360^A0N,21,19^CI13^FR^FDVBDESCRIPCION3.^FS
^FO214,398^A0N,21,19^CI13^FR^FDVBDESCRIPCION4.^FS
^FO214,434^A0N,21,19^CI13^FR^FDVBDESCRIPCION5.^FS
^FO212,470^A0N,21,19^CI13^FR^FDVBDESCRIPCION6.^FS
^FO212,506^A0N,21,19^CI13^FR^FDVBDESCRIPCION7.^FS
^FO212,540^A0N,21,19^CI13^FR^FDVBDESCRIPCION8.^FS
^FO210,572^A0N,21,19^CI13^FR^FDVBDESCRIPCION9.^FS
^FO210,604^A0N,21,19^CI13^FR^FDVBDESCRIPCION10.^FS
^FO753,288^A0N,21,19^CI13^FR^FDVBNROITEM1.^FS
^FO753,324^A0N,21,19^CI13^FR^FDVBNROITEM2.^FS
^FO753,366^A0N,21,19^CI13^FR^FDVBNROITEM3.^FS
^FO751,402^A0N,21,19^CI13^FR^FDVBNROITEM4.^FS
^FO751,440^A0N,21,19^CI13^FR^FDVBNROITEM5.^FS
^FO751,474^A0N,21,19^CI13^FR^FDVBNROITEM6.^FS
^FO751,510^A0N,21,19^CI13^FR^FDVBNROITEM7.^FS
^FO751,542^A0N,21,19^CI13^FR^FDVBNROITEM8.^FS
^FO751,576^A0N,21,19^CI13^FR^FDVBNROITEM9.^FS
^FO751,610^A0N,21,19^CI13^FR^FDVBNROITEM10.^FS
^FO474,22^A0N,37,33^CI13^FR^FDPEDIDO^FS
^FO587,11^A0N,54,47^CI13^FR^FDVBPEDIDO^FS
^FO10,644^A0N,21,18^CI13^FR^FDVBCANT11.^FS
^FO10,680^A0N,21,19^CI13^FR^FDVBCANT12.^FS
^FO10,716^A0N,21,19^CI13^FR^FDVBCANT13.^FS
^FO10,754^A0N,21,19^CI13^FR^FDVBCANT14.^FS
^FO8,790^A0N,21,19^CI13^FR^FDVBCANT15.^FS
^FO8,824^A0N,21,19^CI13^FR^FDVBCANT16.^FS
^FO8,860^A0N,21,19^CI13^FR^FDVBCANT17.^FS
^FO10,894^A0N,21,19^CI13^FR^FDVBCANT18.^FS
^FO12,960^A0N,21,19^CI13^FR^FDVBCANT20.^FS
^FO10,926^A0N,21,19^CI13^FR^FDVBCANT19.^FS
^FO82,644^A0N,21,19^CI13^FR^FDVBCODIGO11.^FS
^FO80,680^A0N,21,19^CI13^FR^FDVBCODIGO12.^FS
^FO80,716^A0N,21,19^CI13^FR^FDVBCODIGO13.^FS
^FO80,826^A0N,21,19^CI13^FR^FDVBCODIGO16.^FS
^FO80,754^A0N,21,19^CI13^FR^FDVBCODIGO14.^FS
^FO80,790^A0N,21,19^CI13^FR^FDVBCODIGO15.^FS
^FO80,862^A0N,21,19^CI13^FR^FDVBCODIGO17.^FS
^FO78,892^A0N,21,19^CI13^FR^FDVBCODIGO18.^FS
^FO78,960^A0N,21,19^CI13^FR^FDVBCODIGO10.^FS
^FO76,926^A0N,21,19^CI13^FR^FDVBCODIGO19.^FS
^FO212,642^A0N,21,19^CI13^FR^FDVBDESCRIPCION11.^FS
^FO212,678^A0N,21,19^CI13^FR^FDVBDESCRIPCION12.^FS
^FO214,712^A0N,21,19^CI13^FR^FDVBDESCRIPCION13.^FS
^FO212,750^A0N,21,19^CI13^FR^FDVBDESCRIPCION14.^FS
^FO212,786^A0N,21,19^CI13^FR^FDVBDESCRIPCION15.^FS
^FO210,822^A0N,21,19^CI13^FR^FDVBDESCRIPCION16.^FS
^FO210,858^A0N,21,19^CI13^FR^FDVBDESCRIPCION17.^FS
^FO210,892^A0N,21,19^CI13^FR^FDVBDESCRIPCION18.^FS
^FO208,924^A0N,21,19^CI13^FR^FDVBDESCRIPCION19.^FS
^FO208,956^A0N,21,19^CI13^FR^FDVBDESCRIPCION20.^FS
^FO0,272^GB813,0,4^FS
^PQ1,0,0,N
^XZ
^FX End of job
^XA
^IDR:ID*.*
^XZ
